[ 2015-08-22T18:24:57+08:00 ] 127.0.0.1 /main.php/Index/Login/getUserStatus/
INFO: [ app_init ] --START--
INFO: Run Behavior\BuildLiteBehavior [ RunTime:0.000000s ]
INFO: [ app_init ] --END-- [ RunTime:0.002000s ]
INFO: [ app_begin ] --START--
INFO: Run Behavior\ReadHtmlCacheBehavior [ RunTime:0.002000s ]
INFO: [ app_begin ] --END-- [ RunTime:0.003000s ]

[ 2015-08-22T18:24:59+08:00 ] 127.0.0.1 /main.php/Index/Login/index/
INFO: [ app_init ] --START--
INFO: Run Behavior\BuildLiteBehavior [ RunTime:0.000000s ]
INFO: [ app_init ] --END-- [ RunTime:0.001000s ]
INFO: [ app_begin ] --START--
INFO: Run Behavior\ReadHtmlCacheBehavior [ RunTime:0.000000s ]
INFO: [ app_begin ] --END-- [ RunTime:0.001000s ]

[ 2015-08-22T18:24:59+08:00 ] 127.0.0.1 /main.php/Index/Index/alist/
INFO: [ app_init ] --START--
INFO: Run Behavior\BuildLiteBehavior [ RunTime:0.000000s ]
INFO: [ app_init ] --END-- [ RunTime:0.002000s ]
INFO: [ app_begin ] --START--
INFO: Run Behavior\ReadHtmlCacheBehavior [ RunTime:0.001000s ]
INFO: [ app_begin ] --END-- [ RunTime:0.001000s ]
NOTIC: [2048] Declaration of Index\Controller\IndexController::show() should be compatible with Think\Controller::show($content, $charset = '', $contentType = '', $prefix = '') C:\web\www\a\App\Index\Controller\IndexController.class.php 第 4 行.
SQL: SHOW COLUMNS FROM `yh_site` [ RunTime:0.0110s ]
SQL: SELECT * FROM `yh_site`  [ RunTime:0.0000s ]

[ 2015-08-22T18:25:14+08:00 ] 127.0.0.1 /main.php/Index/Index/add/
INFO: [ app_init ] --START--
INFO: Run Behavior\BuildLiteBehavior [ RunTime:0.000000s ]
INFO: [ app_init ] --END-- [ RunTime:0.001000s ]
INFO: [ app_begin ] --START--
INFO: Run Behavior\ReadHtmlCacheBehavior [ RunTime:0.001000s ]
INFO: [ app_begin ] --END-- [ RunTime:0.002000s ]
NOTIC: [2048] Declaration of Index\Controller\IndexController::show() should be compatible with Think\Controller::show($content, $charset = '', $contentType = '', $prefix = '') C:\web\www\a\App\Index\Controller\IndexController.class.php 第 4 行.
SQL: SHOW COLUMNS FROM `yh_site` [ RunTime:0.0050s ]
SQL: INSERT INTO `yh_site` (`title`,`url`,`keywords`,`star`,`tips`,`time`,`up_time`) VALUES ('镇江市神龙电器管件有限公司','www.zj-sl.com.cn','桥架,电缆桥架,玻璃钢电缆桥架','0','','1440239114','1440239114') [ RunTime:0.0140s ]

[ 2015-08-22T18:25:15+08:00 ] 127.0.0.1 /main.php/Index/Index/alist/
INFO: [ app_init ] --START--
INFO: Run Behavior\BuildLiteBehavior [ RunTime:0.000000s ]
INFO: [ app_init ] --END-- [ RunTime:0.001000s ]
INFO: [ app_begin ] --START--
INFO: Run Behavior\ReadHtmlCacheBehavior [ RunTime:0.001000s ]
INFO: [ app_begin ] --END-- [ RunTime:0.001000s ]
NOTIC: [2048] Declaration of Index\Controller\IndexController::show() should be compatible with Think\Controller::show($content, $charset = '', $contentType = '', $prefix = '') C:\web\www\a\App\Index\Controller\IndexController.class.php 第 4 行.
SQL: SHOW COLUMNS FROM `yh_site` [ RunTime:0.0080s ]
SQL: SELECT * FROM `yh_site`  [ RunTime:0.0020s ]

[ 2015-08-22T18:25:26+08:00 ] 127.0.0.1 /main.php/Index/Index/repeat/
INFO: [ app_init ] --START--
INFO: Run Behavior\BuildLiteBehavior [ RunTime:0.001000s ]
INFO: [ app_init ] --END-- [ RunTime:0.001000s ]
INFO: [ app_begin ] --START--
INFO: Run Behavior\ReadHtmlCacheBehavior [ RunTime:0.000000s ]
INFO: [ app_begin ] --END-- [ RunTime:0.002000s ]
NOTIC: [2048] Declaration of Index\Controller\IndexController::show() should be compatible with Think\Controller::show($content, $charset = '', $contentType = '', $prefix = '') C:\web\www\a\App\Index\Controller\IndexController.class.php 第 4 行.
SQL: SHOW COLUMNS FROM `yh_site` [ RunTime:0.0040s ]
SQL: SELECT * FROM `yh_site` WHERE ( id='11' ) LIMIT 1   [ RunTime:0.0020s ]
NOTIC: [8] Undefined variable: name C:\web\www\a\App\Index\Event\IndexEvent.class.php 第 39 行.
NOTIC: [8] Undefined variable: jg C:\web\www\a\App\Index\Event\IndexEvent.class.php 第 76 行.
NOTIC: [8] Undefined variable: jg C:\web\www\a\App\Index\Event\IndexEvent.class.php 第 76 行.
NOTIC: [8] Undefined variable: jg C:\web\www\a\App\Index\Event\IndexEvent.class.php 第 76 行.
SQL: UPDATE `yh_site` SET `bd_include`='646',`is_pr`='2',`pr`='2',`weight`='1',`rank`='桥架 : 27,  电缆桥架 : 12,  玻璃钢电缆桥架 : 17',`keywords`='桥架,电缆桥架,玻璃钢电缆桥架',`up_time`='1440239126' WHERE ( id = '11' ) [ RunTime:0.0090s ]
SQL: SHOW COLUMNS FROM `yh_report` [ RunTime:0.0070s ]
SQL: SELECT * FROM `yh_report` WHERE ( s_id = '11' AND key_name = '桥架'  AND (DAY(FROM_UNIXTIME(time, '%Y%m%d'))= DAY(now())) ) LIMIT 1   [ RunTime:0.0020s ]
SQL: INSERT INTO `yh_report` (`rank`,`time`,`s_id`,`key_name`) VALUES ('27','1440239126','11','桥架') [ RunTime:0.0080s ]
SQL: SELECT * FROM `yh_report` WHERE ( s_id = '11' AND key_name = '电缆桥架'  AND (DAY(FROM_UNIXTIME(time, '%Y%m%d'))= DAY(now())) ) LIMIT 1   [ RunTime:0.0010s ]
SQL: INSERT INTO `yh_report` (`rank`,`time`,`s_id`,`key_name`) VALUES ('12','1440239126','11','电缆桥架') [ RunTime:0.0100s ]
SQL: SELECT * FROM `yh_report` WHERE ( s_id = '11' AND key_name = '玻璃钢电缆桥架'  AND (DAY(FROM_UNIXTIME(time, '%Y%m%d'))= DAY(now())) ) LIMIT 1   [ RunTime:0.0000s ]
SQL: INSERT INTO `yh_report` (`rank`,`time`,`s_id`,`key_name`) VALUES ('17','1440239126','11','玻璃钢电缆桥架') [ RunTime:0.0100s ]

[ 2015-08-22T18:38:51+08:00 ] 127.0.0.1 /main.php/Index/Login/getUserStatus/
INFO: [ app_init ] --START--
INFO: Run Behavior\BuildLiteBehavior [ RunTime:0.000000s ]
INFO: [ app_init ] --END-- [ RunTime:0.001000s ]
INFO: [ app_begin ] --START--
INFO: Run Behavior\ReadHtmlCacheBehavior [ RunTime:0.001000s ]
INFO: [ app_begin ] --END-- [ RunTime:0.003000s ]

[ 2015-08-22T18:38:51+08:00 ] 127.0.0.1 /main.php/Index/Index/alist/
INFO: [ app_init ] --START--
INFO: Run Behavior\BuildLiteBehavior [ RunTime:0.000000s ]
INFO: [ app_init ] --END-- [ RunTime:0.000000s ]
INFO: [ app_begin ] --START--
INFO: Run Behavior\ReadHtmlCacheBehavior [ RunTime:0.000000s ]
INFO: [ app_begin ] --END-- [ RunTime:0.000000s ]
NOTIC: [2048] Declaration of Index\Controller\IndexController::show() should be compatible with Think\Controller::show($content, $charset = '', $contentType = '', $prefix = '') C:\web\www\a\App\Index\Controller\IndexController.class.php 第 4 行.
SQL: SHOW COLUMNS FROM `yh_site` [ RunTime:0.0060s ]
SQL: SELECT * FROM `yh_site`  [ RunTime:0.0010s ]

[ 2015-08-22T18:38:53+08:00 ] 127.0.0.1 /Index/Index/show/id/2
INFO: [ app_init ] --START--
INFO: Run Behavior\BuildLiteBehavior [ RunTime:0.000000s ]
INFO: [ app_init ] --END-- [ RunTime:0.001000s ]
INFO: [ app_begin ] --START--
INFO: Run Behavior\ReadHtmlCacheBehavior [ RunTime:0.001001s ]
INFO: [ app_begin ] --END-- [ RunTime:0.001001s ]
NOTIC: [2048] Declaration of Index\Controller\IndexController::show() should be compatible with Think\Controller::show($content, $charset = '', $contentType = '', $prefix = '') C:\web\www\a\App\Index\Controller\IndexController.class.php 第 4 行.
SQL: SHOW COLUMNS FROM `yh_report` [ RunTime:0.0060s ]
SQL: SELECT * FROM `yh_report` WHERE ( s_id = '2' ) ORDER BY time asc  [ RunTime:0.0020s ]
INFO: [ view_parse ] --START--
INFO: [ template_filter ] --START--
INFO: Run Behavior\ContentReplaceBehavior [ RunTime:0.000000s ]
INFO: [ template_filter ] --END-- [ RunTime:0.000000s ]
INFO: Run Behavior\ParseTemplateBehavior [ RunTime:0.045003s ]
INFO: [ view_parse ] --END-- [ RunTime:0.045003s ]
INFO: [ view_filter ] --START--
INFO: Run Behavior\WriteHtmlCacheBehavior [ RunTime:0.019001s ]
INFO: [ view_filter ] --END-- [ RunTime:0.020001s ]
INFO: [ app_end ] --START--
INFO: Run Behavior\ShowPageTraceBehavior [ RunTime:0.008000s ]
INFO: [ app_end ] --END-- [ RunTime:0.009000s ]

[ 2015-08-22T18:38:53+08:00 ] 127.0.0.1 /favicon.ico
INFO: [ app_init ] --START--
INFO: Run Behavior\BuildLiteBehavior [ RunTime:0.000000s ]
INFO: [ app_init ] --END-- [ RunTime:0.001000s ]

[ 2015-08-22T18:39:04+08:00 ] 127.0.0.1 /Index/Index/show/id/8
INFO: [ app_init ] --START--
INFO: Run Behavior\BuildLiteBehavior [ RunTime:0.000000s ]
INFO: [ app_init ] --END-- [ RunTime:0.000000s ]
INFO: [ app_begin ] --START--
INFO: Run Behavior\ReadHtmlCacheBehavior [ RunTime:0.000000s ]
INFO: [ app_begin ] --END-- [ RunTime:0.000000s ]
NOTIC: [2048] Declaration of Index\Controller\IndexController::show() should be compatible with Think\Controller::show($content, $charset = '', $contentType = '', $prefix = '') C:\web\www\a\App\Index\Controller\IndexController.class.php 第 4 行.
SQL: SHOW COLUMNS FROM `yh_report` [ RunTime:0.0060s ]
SQL: SELECT * FROM `yh_report` WHERE ( s_id = '8' ) ORDER BY time asc  [ RunTime:0.0010s ]
INFO: [ view_parse ] --START--
INFO: [ template_filter ] --START--
INFO: Run Behavior\ContentReplaceBehavior [ RunTime:0.001000s ]
INFO: [ template_filter ] --END-- [ RunTime:0.001000s ]
INFO: Run Behavior\ParseTemplateBehavior [ RunTime:0.022002s ]
INFO: [ view_parse ] --END-- [ RunTime:0.022002s ]
INFO: [ view_filter ] --START--
INFO: Run Behavior\WriteHtmlCacheBehavior [ RunTime:0.002000s ]
INFO: [ view_filter ] --END-- [ RunTime:0.002000s ]
INFO: [ app_end ] --START--
INFO: Run Behavior\ShowPageTraceBehavior [ RunTime:0.001000s ]
INFO: [ app_end ] --END-- [ RunTime:0.002000s ]

[ 2015-08-22T18:39:07+08:00 ] 127.0.0.1 /Index/Index/show/id/11
INFO: [ app_init ] --START--
INFO: Run Behavior\BuildLiteBehavior [ RunTime:0.000000s ]
INFO: [ app_init ] --END-- [ RunTime:0.001000s ]
INFO: [ app_begin ] --START--
INFO: Run Behavior\ReadHtmlCacheBehavior [ RunTime:0.000000s ]
INFO: [ app_begin ] --END-- [ RunTime:0.002001s ]
NOTIC: [2048] Declaration of Index\Controller\IndexController::show() should be compatible with Think\Controller::show($content, $charset = '', $contentType = '', $prefix = '') C:\web\www\a\App\Index\Controller\IndexController.class.php 第 4 行.
SQL: SHOW COLUMNS FROM `yh_report` [ RunTime:0.0050s ]
SQL: SELECT * FROM `yh_report` WHERE ( s_id = '11' ) ORDER BY time asc  [ RunTime:0.0010s ]
INFO: [ view_parse ] --START--
INFO: [ template_filter ] --START--
INFO: Run Behavior\ContentReplaceBehavior [ RunTime:0.000000s ]
INFO: [ template_filter ] --END-- [ RunTime:0.000000s ]
INFO: Run Behavior\ParseTemplateBehavior [ RunTime:0.017001s ]
INFO: [ view_parse ] --END-- [ RunTime:0.017001s ]
INFO: [ view_filter ] --START--
INFO: Run Behavior\WriteHtmlCacheBehavior [ RunTime:0.001000s ]
INFO: [ view_filter ] --END-- [ RunTime:0.001000s ]
INFO: [ app_end ] --START--
INFO: Run Behavior\ShowPageTraceBehavior [ RunTime:0.001000s ]
INFO: [ app_end ] --END-- [ RunTime:0.002000s ]

