[ 2015-08-20T15:51:42+08:00 ] 127.0.0.1 /main.php/Index/Index/repeat/
INFO: [ app_init ] --START--
INFO: Run Behavior\BuildLiteBehavior [ RunTime:0.000000s ]
INFO: [ app_init ] --END-- [ RunTime:0.001000s ]
INFO: [ app_begin ] --START--
INFO: Run Behavior\ReadHtmlCacheBehavior [ RunTime:0.001001s ]
INFO: [ app_begin ] --END-- [ RunTime:0.001001s ]
NOTIC: [2048] Declaration of Index\Controller\IndexController::show() should be compatible with Think\Controller::show($content, $charset = '', $contentType = '', $prefix = '') C:\web\www\a\App\Index\Controller\IndexController.class.php 第 4 行.
SQL: SHOW COLUMNS FROM `yh_site` [ RunTime:0.0040s ]
SQL: SELECT * FROM `yh_site` WHERE ( id='8' ) LIMIT 1   [ RunTime:0.0010s ]
NOTIC: [8] Undefined variable: name C:\web\www\a\App\Index\Event\IndexEvent.class.php 第 39 行.
NOTIC: [8] Undefined variable: jg C:\web\www\a\App\Index\Event\IndexEvent.class.php 第 76 行.
NOTIC: [8] Undefined variable: jg C:\web\www\a\App\Index\Event\IndexEvent.class.php 第 76 行.
NOTIC: [8] Undefined variable: jg C:\web\www\a\App\Index\Event\IndexEvent.class.php 第 76 行.
NOTIC: [8] Undefined variable: jg C:\web\www\a\App\Index\Event\IndexEvent.class.php 第 76 行.
NOTIC: [8] Undefined variable: jg C:\web\www\a\App\Index\Event\IndexEvent.class.php 第 76 行.
SQL: UPDATE `yh_site` SET `bd_include`='22492',`weight`='1',`rank`='母线槽绝缘配件 : 5,  母线接头器 : 9,  绝缘隔板 : 38,  母线槽插座 : 10,  母线铜插脚 : 6',`keywords`='母线槽绝缘配件,母线接头器,绝缘隔板,母线槽插座,母线铜插脚',`up_time`='1440057102' WHERE ( id = '8' ) [ RunTime:0.0130s ]
SQL: SHOW COLUMNS FROM `yh_report` [ RunTime:0.0030s ]
SQL: SELECT * FROM `yh_report` WHERE ( s_id = '8' AND key_name = '母线槽绝缘配件'  AND (DAY(FROM_UNIXTIME(time, '%Y%m%d'))= DAY(now())) ) LIMIT 1   [ RunTime:0.0000s ]
SQL: UPDATE `yh_report` SET `s_id`='8',`key_name`='母线槽绝缘配件',`rank`='5',`time`='1440057102' WHERE `id` = 17 [ RunTime:0.0110s ]
SQL: SELECT * FROM `yh_report` WHERE ( s_id = '8' AND key_name = '母线接头器'  AND (DAY(FROM_UNIXTIME(time, '%Y%m%d'))= DAY(now())) ) LIMIT 1   [ RunTime:0.0010s ]
SQL: UPDATE `yh_report` SET `s_id`='8',`key_name`='母线接头器',`rank`='9',`time`='1440057102' WHERE `id` = 18 [ RunTime:0.0100s ]
SQL: SELECT * FROM `yh_report` WHERE ( s_id = '8' AND key_name = '绝缘隔板'  AND (DAY(FROM_UNIXTIME(time, '%Y%m%d'))= DAY(now())) ) LIMIT 1   [ RunTime:0.0010s ]
SQL: UPDATE `yh_report` SET `s_id`='8',`key_name`='绝缘隔板',`rank`='38',`time`='1440057102' WHERE `id` = 19 [ RunTime:0.0110s ]
SQL: SELECT * FROM `yh_report` WHERE ( s_id = '8' AND key_name = '母线槽插座'  AND (DAY(FROM_UNIXTIME(time, '%Y%m%d'))= DAY(now())) ) LIMIT 1   [ RunTime:0.0000s ]
SQL: UPDATE `yh_report` SET `s_id`='8',`key_name`='母线槽插座',`rank`='10',`time`='1440057102' WHERE `id` = 20 [ RunTime:0.0100s ]
SQL: SELECT * FROM `yh_report` WHERE ( s_id = '8' AND key_name = '母线铜插脚'  AND (DAY(FROM_UNIXTIME(time, '%Y%m%d'))= DAY(now())) ) LIMIT 1   [ RunTime:0.0000s ]
SQL: UPDATE `yh_report` SET `s_id`='8',`key_name`='母线铜插脚',`rank`='6',`time`='1440057102' WHERE `id` = 21 [ RunTime:0.0100s ]

[ 2015-08-20T15:51:50+08:00 ] 127.0.0.1 /main.php/Index/Index/repeat/
INFO: [ app_init ] --START--
INFO: Run Behavior\BuildLiteBehavior [ RunTime:0.000000s ]
INFO: [ app_init ] --END-- [ RunTime:0.001000s ]
INFO: [ app_begin ] --START--
INFO: Run Behavior\ReadHtmlCacheBehavior [ RunTime:0.001000s ]
INFO: [ app_begin ] --END-- [ RunTime:0.001000s ]
NOTIC: [2048] Declaration of Index\Controller\IndexController::show() should be compatible with Think\Controller::show($content, $charset = '', $contentType = '', $prefix = '') C:\web\www\a\App\Index\Controller\IndexController.class.php 第 4 行.
SQL: SHOW COLUMNS FROM `yh_site` [ RunTime:0.0080s ]
SQL: SELECT * FROM `yh_site` WHERE ( id='9' ) LIMIT 1   [ RunTime:0.0000s ]
NOTIC: [8] Undefined variable: name C:\web\www\a\App\Index\Event\IndexEvent.class.php 第 39 行.
NOTIC: [8] Undefined variable: jg C:\web\www\a\App\Index\Event\IndexEvent.class.php 第 82 行.
NOTIC: [8] Undefined variable: jg C:\web\www\a\App\Index\Event\IndexEvent.class.php 第 82 行.
NOTIC: [8] Undefined variable: jg C:\web\www\a\App\Index\Event\IndexEvent.class.php 第 82 行.
NOTIC: [8] Undefined variable: jg C:\web\www\a\App\Index\Event\IndexEvent.class.php 第 82 行.
NOTIC: [8] Undefined variable: jg C:\web\www\a\App\Index\Event\IndexEvent.class.php 第 82 行.
SQL: UPDATE `yh_site` SET `bd_include`='29524',`weight`='1',`rank`='庭院灯厂家 : 50+,  LED道路灯价格 : 50+,  地插灯批发 : 50+,  地埋灯规格 : 50+,  点光源公司 : 50+',`keywords`='庭院灯厂家,LED道路灯价格,地插灯批发,地埋灯规格,点光源公司',`up_time`='1440057110' WHERE ( id = '9' ) [ RunTime:0.0110s ]
SQL: SHOW COLUMNS FROM `yh_report` [ RunTime:0.0040s ]
SQL: SELECT * FROM `yh_report` WHERE ( s_id = '9' AND key_name = '庭院灯厂家'  AND (DAY(FROM_UNIXTIME(time, '%Y%m%d'))= DAY(now())) ) LIMIT 1   [ RunTime:0.0010s ]
SQL: UPDATE `yh_report` SET `s_id`='9',`key_name`='庭院灯厂家',`rank`='50+',`time`='1440057110' WHERE `id` = 22 [ RunTime:0.0110s ]
SQL: SELECT * FROM `yh_report` WHERE ( s_id = '9' AND key_name = 'LED道路灯价格'  AND (DAY(FROM_UNIXTIME(time, '%Y%m%d'))= DAY(now())) ) LIMIT 1   [ RunTime:0.0000s ]
SQL: UPDATE `yh_report` SET `s_id`='9',`key_name`='LED道路灯价格',`rank`='50+',`time`='1440057110' WHERE `id` = 23 [ RunTime:0.0120s ]
SQL: SELECT * FROM `yh_report` WHERE ( s_id = '9' AND key_name = '地插灯批发'  AND (DAY(FROM_UNIXTIME(time, '%Y%m%d'))= DAY(now())) ) LIMIT 1   [ RunTime:0.0010s ]
SQL: UPDATE `yh_report` SET `s_id`='9',`key_name`='地插灯批发',`rank`='50+',`time`='1440057110' WHERE `id` = 24 [ RunTime:0.0100s ]
SQL: SELECT * FROM `yh_report` WHERE ( s_id = '9' AND key_name = '地埋灯规格'  AND (DAY(FROM_UNIXTIME(time, '%Y%m%d'))= DAY(now())) ) LIMIT 1   [ RunTime:0.0000s ]
SQL: UPDATE `yh_report` SET `s_id`='9',`key_name`='地埋灯规格',`rank`='50+',`time`='1440057110' WHERE `id` = 25 [ RunTime:0.0100s ]
SQL: SELECT * FROM `yh_report` WHERE ( s_id = '9' AND key_name = '点光源公司'  AND (DAY(FROM_UNIXTIME(time, '%Y%m%d'))= DAY(now())) ) LIMIT 1   [ RunTime:0.0010s ]
SQL: UPDATE `yh_report` SET `s_id`='9',`key_name`='点光源公司',`rank`='50+',`time`='1440057110' WHERE `id` = 26 [ RunTime:0.0100s ]

[ 2015-08-20T15:51:54+08:00 ] 127.0.0.1 /main.php/Index/Index/allSite/
INFO: [ app_init ] --START--
INFO: Run Behavior\BuildLiteBehavior [ RunTime:0.000000s ]
INFO: [ app_init ] --END-- [ RunTime:0.001000s ]
INFO: [ app_begin ] --START--
INFO: Run Behavior\ReadHtmlCacheBehavior [ RunTime:0.001000s ]
INFO: [ app_begin ] --END-- [ RunTime:0.001000s ]
NOTIC: [2048] Declaration of Index\Controller\IndexController::show() should be compatible with Think\Controller::show($content, $charset = '', $contentType = '', $prefix = '') C:\web\www\a\App\Index\Controller\IndexController.class.php 第 4 行.
SQL: SHOW COLUMNS FROM `yh_site` [ RunTime:0.0040s ]
SQL: SELECT * FROM `yh_site`  [ RunTime:0.0000s ]

[ 2015-08-20T15:51:56+08:00 ] 127.0.0.1 /main.php/Index/Index/repeat/
INFO: [ app_init ] --START--
INFO: Run Behavior\BuildLiteBehavior [ RunTime:0.000000s ]
INFO: [ app_init ] --END-- [ RunTime:0.001000s ]
INFO: [ app_begin ] --START--
INFO: Run Behavior\ReadHtmlCacheBehavior [ RunTime:0.000000s ]
INFO: [ app_begin ] --END-- [ RunTime:0.001000s ]
NOTIC: [2048] Declaration of Index\Controller\IndexController::show() should be compatible with Think\Controller::show($content, $charset = '', $contentType = '', $prefix = '') C:\web\www\a\App\Index\Controller\IndexController.class.php 第 4 行.
SQL: SHOW COLUMNS FROM `yh_site` [ RunTime:0.0050s ]
SQL: SELECT * FROM `yh_site` WHERE ( id='2' ) LIMIT 1   [ RunTime:0.0000s ]
NOTIC: [8] Undefined offset: 0 C:\web\www\a\App\Index\Event\IndexEvent.class.php 第 121 行.
NOTIC: [8] Undefined variable: name C:\web\www\a\App\Index\Event\IndexEvent.class.php 第 39 行.
NOTIC: [8] Undefined variable: jg C:\web\www\a\App\Index\Event\IndexEvent.class.php 第 82 行.
NOTIC: [8] Undefined variable: jg C:\web\www\a\App\Index\Event\IndexEvent.class.php 第 82 行.
NOTIC: [8] Undefined variable: jg C:\web\www\a\App\Index\Event\IndexEvent.class.php 第 82 行.
SQL: UPDATE `yh_site` SET `bd_include`='201',`weight`='0',`rank`='电磁除铁器 : 50+,  永磁除铁器 : 50+,  除铁器 : 50+',`keywords`='电磁除铁器,永磁除铁器,除铁器',`up_time`='1440057116' WHERE ( id = '2' ) [ RunTime:0.0110s ]
SQL: SHOW COLUMNS FROM `yh_report` [ RunTime:0.0040s ]
SQL: SELECT * FROM `yh_report` WHERE ( s_id = '2' AND key_name = '电磁除铁器'  AND (DAY(FROM_UNIXTIME(time, '%Y%m%d'))= DAY(now())) ) LIMIT 1   [ RunTime:0.0000s ]
SQL: UPDATE `yh_report` SET `s_id`='2',`key_name`='电磁除铁器',`rank`='50+',`time`='1440057116' WHERE `id` = 6 [ RunTime:0.0100s ]
SQL: SELECT * FROM `yh_report` WHERE ( s_id = '2' AND key_name = '永磁除铁器'  AND (DAY(FROM_UNIXTIME(time, '%Y%m%d'))= DAY(now())) ) LIMIT 1   [ RunTime:0.0000s ]
SQL: UPDATE `yh_report` SET `s_id`='2',`key_name`='永磁除铁器',`rank`='50+',`time`='1440057116' WHERE `id` = 7 [ RunTime:0.0090s ]
SQL: SELECT * FROM `yh_report` WHERE ( s_id = '2' AND key_name = '除铁器'  AND (DAY(FROM_UNIXTIME(time, '%Y%m%d'))= DAY(now())) ) LIMIT 1   [ RunTime:0.0000s ]
SQL: UPDATE `yh_report` SET `s_id`='2',`key_name`='除铁器',`rank`='50+',`time`='1440057116' WHERE `id` = 8 [ RunTime:0.0090s ]

[ 2015-08-20T15:51:59+08:00 ] 127.0.0.1 /main.php/Index/Index/repeat/
INFO: [ app_init ] --START--
INFO: Run Behavior\BuildLiteBehavior [ RunTime:0.000000s ]
INFO: [ app_init ] --END-- [ RunTime:0.001000s ]
INFO: [ app_begin ] --START--
INFO: Run Behavior\ReadHtmlCacheBehavior [ RunTime:0.001000s ]
INFO: [ app_begin ] --END-- [ RunTime:0.002000s ]
NOTIC: [2048] Declaration of Index\Controller\IndexController::show() should be compatible with Think\Controller::show($content, $charset = '', $contentType = '', $prefix = '') C:\web\www\a\App\Index\Controller\IndexController.class.php 第 4 行.
SQL: SHOW COLUMNS FROM `yh_site` [ RunTime:0.0070s ]
SQL: SELECT * FROM `yh_site` WHERE ( id='8' ) LIMIT 1   [ RunTime:0.0010s ]
NOTIC: [8] Undefined variable: name C:\web\www\a\App\Index\Event\IndexEvent.class.php 第 39 行.
NOTIC: [8] Undefined variable: jg C:\web\www\a\App\Index\Event\IndexEvent.class.php 第 76 行.
NOTIC: [8] Undefined variable: jg C:\web\www\a\App\Index\Event\IndexEvent.class.php 第 76 行.
NOTIC: [8] Undefined variable: jg C:\web\www\a\App\Index\Event\IndexEvent.class.php 第 76 行.
NOTIC: [8] Undefined variable: jg C:\web\www\a\App\Index\Event\IndexEvent.class.php 第 76 行.
NOTIC: [8] Undefined variable: jg C:\web\www\a\App\Index\Event\IndexEvent.class.php 第 76 行.
SQL: UPDATE `yh_site` SET `bd_include`='22492',`weight`='1',`rank`='母线槽绝缘配件 : 5,  母线接头器 : 9,  绝缘隔板 : 38,  母线槽插座 : 10,  母线铜插脚 : 6',`keywords`='母线槽绝缘配件,母线接头器,绝缘隔板,母线槽插座,母线铜插脚',`up_time`='1440057119' WHERE ( id = '8' ) [ RunTime:0.0120s ]
SQL: SHOW COLUMNS FROM `yh_report` [ RunTime:0.0040s ]
SQL: SELECT * FROM `yh_report` WHERE ( s_id = '8' AND key_name = '母线槽绝缘配件'  AND (DAY(FROM_UNIXTIME(time, '%Y%m%d'))= DAY(now())) ) LIMIT 1   [ RunTime:0.0000s ]
SQL: UPDATE `yh_report` SET `s_id`='8',`key_name`='母线槽绝缘配件',`rank`='5',`time`='1440057119' WHERE `id` = 17 [ RunTime:0.0120s ]
SQL: SELECT * FROM `yh_report` WHERE ( s_id = '8' AND key_name = '母线接头器'  AND (DAY(FROM_UNIXTIME(time, '%Y%m%d'))= DAY(now())) ) LIMIT 1   [ RunTime:0.0010s ]
SQL: UPDATE `yh_report` SET `s_id`='8',`key_name`='母线接头器',`rank`='9',`time`='1440057119' WHERE `id` = 18 [ RunTime:0.0100s ]
SQL: SELECT * FROM `yh_report` WHERE ( s_id = '8' AND key_name = '绝缘隔板'  AND (DAY(FROM_UNIXTIME(time, '%Y%m%d'))= DAY(now())) ) LIMIT 1   [ RunTime:0.0010s ]
SQL: UPDATE `yh_report` SET `s_id`='8',`key_name`='绝缘隔板',`rank`='38',`time`='1440057119' WHERE `id` = 19 [ RunTime:0.0100s ]
SQL: SELECT * FROM `yh_report` WHERE ( s_id = '8' AND key_name = '母线槽插座'  AND (DAY(FROM_UNIXTIME(time, '%Y%m%d'))= DAY(now())) ) LIMIT 1   [ RunTime:0.0000s ]
SQL: UPDATE `yh_report` SET `s_id`='8',`key_name`='母线槽插座',`rank`='10',`time`='1440057119' WHERE `id` = 20 [ RunTime:0.0100s ]
SQL: SELECT * FROM `yh_report` WHERE ( s_id = '8' AND key_name = '母线铜插脚'  AND (DAY(FROM_UNIXTIME(time, '%Y%m%d'))= DAY(now())) ) LIMIT 1   [ RunTime:0.0000s ]
SQL: UPDATE `yh_report` SET `s_id`='8',`key_name`='母线铜插脚',`rank`='6',`time`='1440057119' WHERE `id` = 21 [ RunTime:0.0100s ]

[ 2015-08-20T15:52:02+08:00 ] 127.0.0.1 /main.php/Index/Index/repeat/
INFO: [ app_init ] --START--
INFO: Run Behavior\BuildLiteBehavior [ RunTime:0.000000s ]
INFO: [ app_init ] --END-- [ RunTime:0.002000s ]
INFO: [ app_begin ] --START--
INFO: Run Behavior\ReadHtmlCacheBehavior [ RunTime:0.001000s ]
INFO: [ app_begin ] --END-- [ RunTime:0.001000s ]
NOTIC: [2048] Declaration of Index\Controller\IndexController::show() should be compatible with Think\Controller::show($content, $charset = '', $contentType = '', $prefix = '') C:\web\www\a\App\Index\Controller\IndexController.class.php 第 4 行.
SQL: SHOW COLUMNS FROM `yh_site` [ RunTime:0.0040s ]
SQL: SELECT * FROM `yh_site` WHERE ( id='9' ) LIMIT 1   [ RunTime:0.0000s ]
NOTIC: [8] Undefined variable: name C:\web\www\a\App\Index\Event\IndexEvent.class.php 第 39 行.
NOTIC: [8] Undefined variable: jg C:\web\www\a\App\Index\Event\IndexEvent.class.php 第 82 行.
NOTIC: [8] Undefined variable: jg C:\web\www\a\App\Index\Event\IndexEvent.class.php 第 82 行.
NOTIC: [8] Undefined variable: jg C:\web\www\a\App\Index\Event\IndexEvent.class.php 第 82 行.
NOTIC: [8] Undefined variable: jg C:\web\www\a\App\Index\Event\IndexEvent.class.php 第 82 行.
NOTIC: [8] Undefined variable: jg C:\web\www\a\App\Index\Event\IndexEvent.class.php 第 82 行.
SQL: UPDATE `yh_site` SET `bd_include`='29524',`weight`='1',`rank`='庭院灯厂家 : 50+,  LED道路灯价格 : 50+,  地插灯批发 : 50+,  地埋灯规格 : 50+,  点光源公司 : 50+',`keywords`='庭院灯厂家,LED道路灯价格,地插灯批发,地埋灯规格,点光源公司',`up_time`='1440057122' WHERE ( id = '9' ) [ RunTime:0.0130s ]
SQL: SHOW COLUMNS FROM `yh_report` [ RunTime:0.0040s ]
SQL: SELECT * FROM `yh_report` WHERE ( s_id = '9' AND key_name = '庭院灯厂家'  AND (DAY(FROM_UNIXTIME(time, '%Y%m%d'))= DAY(now())) ) LIMIT 1   [ RunTime:0.0000s ]
SQL: UPDATE `yh_report` SET `s_id`='9',`key_name`='庭院灯厂家',`rank`='50+',`time`='1440057122' WHERE `id` = 22 [ RunTime:0.0110s ]
SQL: SELECT * FROM `yh_report` WHERE ( s_id = '9' AND key_name = 'LED道路灯价格'  AND (DAY(FROM_UNIXTIME(time, '%Y%m%d'))= DAY(now())) ) LIMIT 1   [ RunTime:0.0000s ]
SQL: UPDATE `yh_report` SET `s_id`='9',`key_name`='LED道路灯价格',`rank`='50+',`time`='1440057122' WHERE `id` = 23 [ RunTime:0.0090s ]
SQL: SELECT * FROM `yh_report` WHERE ( s_id = '9' AND key_name = '地插灯批发'  AND (DAY(FROM_UNIXTIME(time, '%Y%m%d'))= DAY(now())) ) LIMIT 1   [ RunTime:0.0010s ]
SQL: UPDATE `yh_report` SET `s_id`='9',`key_name`='地插灯批发',`rank`='50+',`time`='1440057122' WHERE `id` = 24 [ RunTime:0.0100s ]
SQL: SELECT * FROM `yh_report` WHERE ( s_id = '9' AND key_name = '地埋灯规格'  AND (DAY(FROM_UNIXTIME(time, '%Y%m%d'))= DAY(now())) ) LIMIT 1   [ RunTime:0.0000s ]
SQL: UPDATE `yh_report` SET `s_id`='9',`key_name`='地埋灯规格',`rank`='50+',`time`='1440057122' WHERE `id` = 25 [ RunTime:0.0100s ]
SQL: SELECT * FROM `yh_report` WHERE ( s_id = '9' AND key_name = '点光源公司'  AND (DAY(FROM_UNIXTIME(time, '%Y%m%d'))= DAY(now())) ) LIMIT 1   [ RunTime:0.0000s ]
SQL: UPDATE `yh_report` SET `s_id`='9',`key_name`='点光源公司',`rank`='50+',`time`='1440057122' WHERE `id` = 26 [ RunTime:0.0100s ]

[ 2015-08-20T15:52:07+08:00 ] 127.0.0.1 /main.php/Index/Index/repeat/
INFO: [ app_init ] --START--
INFO: Run Behavior\BuildLiteBehavior [ RunTime:0.000000s ]
INFO: [ app_init ] --END-- [ RunTime:0.001000s ]
INFO: [ app_begin ] --START--
INFO: Run Behavior\ReadHtmlCacheBehavior [ RunTime:0.001001s ]
INFO: [ app_begin ] --END-- [ RunTime:0.001001s ]
NOTIC: [2048] Declaration of Index\Controller\IndexController::show() should be compatible with Think\Controller::show($content, $charset = '', $contentType = '', $prefix = '') C:\web\www\a\App\Index\Controller\IndexController.class.php 第 4 行.
SQL: SHOW COLUMNS FROM `yh_site` [ RunTime:0.0040s ]
SQL: SELECT * FROM `yh_site` WHERE ( id='10' ) LIMIT 1   [ RunTime:0.0000s ]
NOTIC: [8] Undefined variable: name C:\web\www\a\App\Index\Event\IndexEvent.class.php 第 39 行.
NOTIC: [8] Undefined variable: jg C:\web\www\a\App\Index\Event\IndexEvent.class.php 第 82 行.
NOTIC: [8] Undefined variable: jg C:\web\www\a\App\Index\Event\IndexEvent.class.php 第 82 行.
NOTIC: [8] Undefined variable: jg C:\web\www\a\App\Index\Event\IndexEvent.class.php 第 82 行.
NOTIC: [8] Undefined variable: jg C:\web\www\a\App\Index\Event\IndexEvent.class.php 第 76 行.
NOTIC: [8] Undefined variable: jg C:\web\www\a\App\Index\Event\IndexEvent.class.php 第 82 行.
NOTIC: [8] Undefined variable: jg C:\web\www\a\App\Index\Event\IndexEvent.class.php 第 82 行.
NOTIC: [8] Undefined variable: jg C:\web\www\a\App\Index\Event\IndexEvent.class.php 第 76 行.
SQL: UPDATE `yh_site` SET `bd_include`='812',`weight`='1',`rank`='GRC厂家 : 50+,  EPS厂家 : 50+,  浮雕厂家 : 50+,  罗马柱厂家 : 4,  eps线条 : 50+,  grc线条 : 50+,  砂岩线条 : 16',`keywords`='GRC厂家,EPS厂家,浮雕厂家,罗马柱厂家,eps线条,grc线条,砂岩线条',`up_time`='1440057127' WHERE ( id = '10' ) [ RunTime:0.0110s ]
SQL: SHOW COLUMNS FROM `yh_report` [ RunTime:0.0040s ]
SQL: SELECT * FROM `yh_report` WHERE ( s_id = '10' AND key_name = 'GRC厂家'  AND (DAY(FROM_UNIXTIME(time, '%Y%m%d'))= DAY(now())) ) LIMIT 1   [ RunTime:0.0000s ]
SQL: UPDATE `yh_report` SET `s_id`='10',`key_name`='GRC厂家',`rank`='50+',`time`='1440057127' WHERE `id` = 28 [ RunTime:0.0120s ]
SQL: SELECT * FROM `yh_report` WHERE ( s_id = '10' AND key_name = 'EPS厂家'  AND (DAY(FROM_UNIXTIME(time, '%Y%m%d'))= DAY(now())) ) LIMIT 1   [ RunTime:0.0000s ]
SQL: UPDATE `yh_report` SET `s_id`='10',`key_name`='EPS厂家',`rank`='50+',`time`='1440057127' WHERE `id` = 29 [ RunTime:0.0110s ]
SQL: SELECT * FROM `yh_report` WHERE ( s_id = '10' AND key_name = '浮雕厂家'  AND (DAY(FROM_UNIXTIME(time, '%Y%m%d'))= DAY(now())) ) LIMIT 1   [ RunTime:0.0010s ]
SQL: UPDATE `yh_report` SET `s_id`='10',`key_name`='浮雕厂家',`rank`='50+',`time`='1440057127' WHERE `id` = 30 [ RunTime:0.0110s ]
SQL: SELECT * FROM `yh_report` WHERE ( s_id = '10' AND key_name = '罗马柱厂家'  AND (DAY(FROM_UNIXTIME(time, '%Y%m%d'))= DAY(now())) ) LIMIT 1   [ RunTime:0.0010s ]
SQL: UPDATE `yh_report` SET `s_id`='10',`key_name`='罗马柱厂家',`rank`='4',`time`='1440057127' WHERE `id` = 31 [ RunTime:0.0100s ]
SQL: SELECT * FROM `yh_report` WHERE ( s_id = '10' AND key_name = 'eps线条'  AND (DAY(FROM_UNIXTIME(time, '%Y%m%d'))= DAY(now())) ) LIMIT 1   [ RunTime:0.0010s ]
SQL: UPDATE `yh_report` SET `s_id`='10',`key_name`='eps线条',`rank`='50+',`time`='1440057127' WHERE `id` = 32 [ RunTime:0.0100s ]
SQL: SELECT * FROM `yh_report` WHERE ( s_id = '10' AND key_name = 'grc线条'  AND (DAY(FROM_UNIXTIME(time, '%Y%m%d'))= DAY(now())) ) LIMIT 1   [ RunTime:0.0000s ]
SQL: UPDATE `yh_report` SET `s_id`='10',`key_name`='grc线条',`rank`='50+',`time`='1440057127' WHERE `id` = 33 [ RunTime:0.0170s ]
SQL: SELECT * FROM `yh_report` WHERE ( s_id = '10' AND key_name = '砂岩线条'  AND (DAY(FROM_UNIXTIME(time, '%Y%m%d'))= DAY(now())) ) LIMIT 1   [ RunTime:0.0000s ]
SQL: UPDATE `yh_report` SET `s_id`='10',`key_name`='砂岩线条',`rank`='16',`time`='1440057127' WHERE `id` = 34 [ RunTime:0.0110s ]

[ 2015-08-20T15:52:22+08:00 ] 127.0.0.1 /main.php/Index/Index/alist/
INFO: [ app_init ] --START--
INFO: Run Behavior\BuildLiteBehavior [ RunTime:0.001000s ]
INFO: [ app_init ] --END-- [ RunTime:0.002000s ]
INFO: [ app_begin ] --START--
INFO: Run Behavior\ReadHtmlCacheBehavior [ RunTime:0.001000s ]
INFO: [ app_begin ] --END-- [ RunTime:0.001000s ]
NOTIC: [2048] Declaration of Index\Controller\IndexController::show() should be compatible with Think\Controller::show($content, $charset = '', $contentType = '', $prefix = '') C:\web\www\a\App\Index\Controller\IndexController.class.php 第 4 行.
SQL: SHOW COLUMNS FROM `yh_site` [ RunTime:0.0030s ]
SQL: SELECT * FROM `yh_site`  [ RunTime:0.0000s ]

[ 2015-08-20T15:52:41+08:00 ] 127.0.0.1 /main.php/Index/Index/repeat/
INFO: [ app_init ] --START--
INFO: Run Behavior\BuildLiteBehavior [ RunTime:0.000000s ]
INFO: [ app_init ] --END-- [ RunTime:0.001000s ]
INFO: [ app_begin ] --START--
INFO: Run Behavior\ReadHtmlCacheBehavior [ RunTime:0.000000s ]
INFO: [ app_begin ] --END-- [ RunTime:0.001000s ]
NOTIC: [2048] Declaration of Index\Controller\IndexController::show() should be compatible with Think\Controller::show($content, $charset = '', $contentType = '', $prefix = '') C:\web\www\a\App\Index\Controller\IndexController.class.php 第 4 行.
SQL: SHOW COLUMNS FROM `yh_site` [ RunTime:0.0060s ]
SQL: SELECT * FROM `yh_site` WHERE ( id='10' ) LIMIT 1   [ RunTime:0.0000s ]
NOTIC: [2] file_get_contents():  C:\web\www\a\App\Index\Event\IndexEvent.class.php 第 108 行.
NOTIC: [2] file_get_contents(http://toolbarqueries.google.com.hk/tbr?client=navclient-auto&amp;features=Rank&amp;q=info:www.lpfdsj.com&amp;ch=84716f64c&amp;gws_rd=cr):  C:\web\www\a\App\Index\Event\IndexEvent.class.php 第 108 行.
NOTIC: [8] Undefined variable: name C:\web\www\a\App\Index\Event\IndexEvent.class.php 第 39 行.
NOTIC: [8] Undefined variable: jg C:\web\www\a\App\Index\Event\IndexEvent.class.php 第 82 行.
NOTIC: [8] Undefined variable: jg C:\web\www\a\App\Index\Event\IndexEvent.class.php 第 82 行.
NOTIC: [8] Undefined variable: jg C:\web\www\a\App\Index\Event\IndexEvent.class.php 第 82 行.
NOTIC: [8] Undefined variable: jg C:\web\www\a\App\Index\Event\IndexEvent.class.php 第 76 行.
NOTIC: [8] Undefined variable: jg C:\web\www\a\App\Index\Event\IndexEvent.class.php 第 82 行.
NOTIC: [8] Undefined variable: jg C:\web\www\a\App\Index\Event\IndexEvent.class.php 第 82 行.
NOTIC: [8] Undefined variable: jg C:\web\www\a\App\Index\Event\IndexEvent.class.php 第 76 行.
SQL: UPDATE `yh_site` SET `bd_include`='812',`is_pr`='2',`pr`='0',`weight`='1',`rank`='GRC厂家 : 50+,  EPS厂家 : 50+,  浮雕厂家 : 50+,  罗马柱厂家 : 4,  eps线条 : 50+,  grc线条 : 50+,  砂岩线条 : 16',`keywords`='GRC厂家,EPS厂家,浮雕厂家,罗马柱厂家,eps线条,grc线条,砂岩线条',`up_time`='1440057161' WHERE ( id = '10' ) [ RunTime:0.0110s ]
SQL: SHOW COLUMNS FROM `yh_report` [ RunTime:0.0040s ]
SQL: SELECT * FROM `yh_report` WHERE ( s_id = '10' AND key_name = 'GRC厂家'  AND (DAY(FROM_UNIXTIME(time, '%Y%m%d'))= DAY(now())) ) LIMIT 1   [ RunTime:0.0000s ]
SQL: UPDATE `yh_report` SET `s_id`='10',`key_name`='GRC厂家',`rank`='50+',`time`='1440057161' WHERE `id` = 28 [ RunTime:0.0100s ]
SQL: SELECT * FROM `yh_report` WHERE ( s_id = '10' AND key_name = 'EPS厂家'  AND (DAY(FROM_UNIXTIME(time, '%Y%m%d'))= DAY(now())) ) LIMIT 1   [ RunTime:0.0000s ]
SQL: UPDATE `yh_report` SET `s_id`='10',`key_name`='EPS厂家',`rank`='50+',`time`='1440057161' WHERE `id` = 29 [ RunTime:0.0100s ]
SQL: SELECT * FROM `yh_report` WHERE ( s_id = '10' AND key_name = '浮雕厂家'  AND (DAY(FROM_UNIXTIME(time, '%Y%m%d'))= DAY(now())) ) LIMIT 1   [ RunTime:0.0000s ]
SQL: UPDATE `yh_report` SET `s_id`='10',`key_name`='浮雕厂家',`rank`='50+',`time`='1440057161' WHERE `id` = 30 [ RunTime:0.0100s ]
SQL: SELECT * FROM `yh_report` WHERE ( s_id = '10' AND key_name = '罗马柱厂家'  AND (DAY(FROM_UNIXTIME(time, '%Y%m%d'))= DAY(now())) ) LIMIT 1   [ RunTime:0.0000s ]
SQL: UPDATE `yh_report` SET `s_id`='10',`key_name`='罗马柱厂家',`rank`='4',`time`='1440057161' WHERE `id` = 31 [ RunTime:0.0100s ]
SQL: SELECT * FROM `yh_report` WHERE ( s_id = '10' AND key_name = 'eps线条'  AND (DAY(FROM_UNIXTIME(time, '%Y%m%d'))= DAY(now())) ) LIMIT 1   [ RunTime:0.0010s ]
SQL: UPDATE `yh_report` SET `s_id`='10',`key_name`='eps线条',`rank`='50+',`time`='1440057161' WHERE `id` = 32 [ RunTime:0.0110s ]
SQL: SELECT * FROM `yh_report` WHERE ( s_id = '10' AND key_name = 'grc线条'  AND (DAY(FROM_UNIXTIME(time, '%Y%m%d'))= DAY(now())) ) LIMIT 1   [ RunTime:0.0000s ]
SQL: UPDATE `yh_report` SET `s_id`='10',`key_name`='grc线条',`rank`='50+',`time`='1440057161' WHERE `id` = 33 [ RunTime:0.0120s ]
SQL: SELECT * FROM `yh_report` WHERE ( s_id = '10' AND key_name = '砂岩线条'  AND (DAY(FROM_UNIXTIME(time, '%Y%m%d'))= DAY(now())) ) LIMIT 1   [ RunTime:0.0010s ]
SQL: UPDATE `yh_report` SET `s_id`='10',`key_name`='砂岩线条',`rank`='16',`time`='1440057161' WHERE `id` = 34 [ RunTime:0.0110s ]

[ 2015-08-20T15:52:50+08:00 ] 127.0.0.1 /main.php/Index/login/getUserStatus/
INFO: [ app_init ] --START--
INFO: Run Behavior\BuildLiteBehavior [ RunTime:0.000000s ]
INFO: [ app_init ] --END-- [ RunTime:0.002000s ]
INFO: [ app_begin ] --START--
INFO: Run Behavior\ReadHtmlCacheBehavior [ RunTime:0.002000s ]
INFO: [ app_begin ] --END-- [ RunTime:0.002000s ]

[ 2015-08-20T15:52:50+08:00 ] 127.0.0.1 /main.php/Index/Index/alist/
INFO: [ app_init ] --START--
INFO: Run Behavior\BuildLiteBehavior [ RunTime:0.000000s ]
INFO: [ app_init ] --END-- [ RunTime:0.001000s ]
INFO: [ app_begin ] --START--
INFO: Run Behavior\ReadHtmlCacheBehavior [ RunTime:0.001000s ]
INFO: [ app_begin ] --END-- [ RunTime:0.001000s ]
NOTIC: [2048] Declaration of Index\Controller\IndexController::show() should be compatible with Think\Controller::show($content, $charset = '', $contentType = '', $prefix = '') C:\web\www\a\App\Index\Controller\IndexController.class.php 第 4 行.
SQL: SHOW COLUMNS FROM `yh_site` [ RunTime:0.0050s ]
SQL: SELECT * FROM `yh_site`  [ RunTime:0.0010s ]

[ 2015-08-20T15:59:54+08:00 ] 127.0.0.1 /main.php/Index/Index/repeat/
INFO: [ app_init ] --START--
INFO: Run Behavior\BuildLiteBehavior [ RunTime:0.001000s ]
INFO: [ app_init ] --END-- [ RunTime:0.002000s ]
INFO: [ app_begin ] --START--
INFO: Run Behavior\ReadHtmlCacheBehavior [ RunTime:0.001000s ]
INFO: [ app_begin ] --END-- [ RunTime:0.001000s ]
NOTIC: [2048] Declaration of Index\Controller\IndexController::show() should be compatible with Think\Controller::show($content, $charset = '', $contentType = '', $prefix = '') C:\web\www\a\App\Index\Controller\IndexController.class.php 第 4 行.
SQL: SHOW COLUMNS FROM `yh_site` [ RunTime:0.0040s ]
SQL: SELECT * FROM `yh_site` WHERE ( id='10' ) LIMIT 1   [ RunTime:0.0010s ]

[ 2015-08-20T16:00:40+08:00 ] 127.0.0.1 /main.php/Index/login/getUserStatus/
INFO: [ app_init ] --START--
INFO: Run Behavior\BuildLiteBehavior [ RunTime:0.000000s ]
INFO: [ app_init ] --END-- [ RunTime:0.001000s ]
INFO: [ app_begin ] --START--
INFO: Run Behavior\ReadHtmlCacheBehavior [ RunTime:0.002000s ]
INFO: [ app_begin ] --END-- [ RunTime:0.002000s ]

[ 2015-08-20T16:00:40+08:00 ] 127.0.0.1 /main.php/Index/Index/alist/
INFO: [ app_init ] --START--
INFO: Run Behavior\BuildLiteBehavior [ RunTime:0.000000s ]
INFO: [ app_init ] --END-- [ RunTime:0.000000s ]
INFO: [ app_begin ] --START--
INFO: Run Behavior\ReadHtmlCacheBehavior [ RunTime:0.001000s ]
INFO: [ app_begin ] --END-- [ RunTime:0.001000s ]
NOTIC: [2048] Declaration of Index\Controller\IndexController::show() should be compatible with Think\Controller::show($content, $charset = '', $contentType = '', $prefix = '') C:\web\www\a\App\Index\Controller\IndexController.class.php 第 4 行.
SQL: SHOW COLUMNS FROM `yh_site` [ RunTime:0.0080s ]
SQL: SELECT * FROM `yh_site`  [ RunTime:0.0010s ]

[ 2015-08-20T16:00:43+08:00 ] 127.0.0.1 /main.php/Index/Index/repeat/
INFO: [ app_init ] --START--
INFO: Run Behavior\BuildLiteBehavior [ RunTime:0.001000s ]
INFO: [ app_init ] --END-- [ RunTime:0.002000s ]
INFO: [ app_begin ] --START--
INFO: Run Behavior\ReadHtmlCacheBehavior [ RunTime:0.002001s ]
INFO: [ app_begin ] --END-- [ RunTime:0.003001s ]
NOTIC: [2048] Declaration of Index\Controller\IndexController::show() should be compatible with Think\Controller::show($content, $charset = '', $contentType = '', $prefix = '') C:\web\www\a\App\Index\Controller\IndexController.class.php 第 4 行.
SQL: SHOW COLUMNS FROM `yh_site` [ RunTime:0.0060s ]
SQL: SELECT * FROM `yh_site` WHERE ( id='10' ) LIMIT 1   [ RunTime:0.0000s ]

[ 2015-08-20T16:01:11+08:00 ] 127.0.0.1 /main.php/Index/login/getUserStatus/
INFO: [ app_init ] --START--
INFO: Run Behavior\BuildLiteBehavior [ RunTime:0.000000s ]
INFO: [ app_init ] --END-- [ RunTime:0.001000s ]
INFO: [ app_begin ] --START--
INFO: Run Behavior\ReadHtmlCacheBehavior [ RunTime:0.001000s ]
INFO: [ app_begin ] --END-- [ RunTime:0.001000s ]

[ 2015-08-20T16:01:11+08:00 ] 127.0.0.1 /main.php/Index/Index/alist/
INFO: [ app_init ] --START--
INFO: Run Behavior\BuildLiteBehavior [ RunTime:0.000000s ]
INFO: [ app_init ] --END-- [ RunTime:0.001000s ]
INFO: [ app_begin ] --START--
INFO: Run Behavior\ReadHtmlCacheBehavior [ RunTime:0.001000s ]
INFO: [ app_begin ] --END-- [ RunTime:0.001000s ]
NOTIC: [2048] Declaration of Index\Controller\IndexController::show() should be compatible with Think\Controller::show($content, $charset = '', $contentType = '', $prefix = '') C:\web\www\a\App\Index\Controller\IndexController.class.php 第 4 行.
SQL: SHOW COLUMNS FROM `yh_site` [ RunTime:0.0060s ]
SQL: SELECT * FROM `yh_site`  [ RunTime:0.0010s ]

[ 2015-08-20T16:01:14+08:00 ] 127.0.0.1 /main.php/Index/Index/repeat/
INFO: [ app_init ] --START--
INFO: Run Behavior\BuildLiteBehavior [ RunTime:0.000000s ]
INFO: [ app_init ] --END-- [ RunTime:0.002000s ]
INFO: [ app_begin ] --START--
INFO: Run Behavior\ReadHtmlCacheBehavior [ RunTime:0.002001s ]
INFO: [ app_begin ] --END-- [ RunTime:0.003001s ]
NOTIC: [2048] Declaration of Index\Controller\IndexController::show() should be compatible with Think\Controller::show($content, $charset = '', $contentType = '', $prefix = '') C:\web\www\a\App\Index\Controller\IndexController.class.php 第 4 行.
SQL: SHOW COLUMNS FROM `yh_site` [ RunTime:0.0100s ]
SQL: SELECT * FROM `yh_site` WHERE ( id='10' ) LIMIT 1   [ RunTime:0.0010s ]

[ 2015-08-20T16:02:05+08:00 ] 127.0.0.1 /main.php/Index/Index/repeat/
INFO: [ app_init ] --START--
INFO: Run Behavior\BuildLiteBehavior [ RunTime:0.000000s ]
INFO: [ app_init ] --END-- [ RunTime:0.001000s ]
INFO: [ app_begin ] --START--
INFO: Run Behavior\ReadHtmlCacheBehavior [ RunTime:0.001000s ]
INFO: [ app_begin ] --END-- [ RunTime:0.001000s ]
NOTIC: [2048] Declaration of Index\Controller\IndexController::show() should be compatible with Think\Controller::show($content, $charset = '', $contentType = '', $prefix = '') C:\web\www\a\App\Index\Controller\IndexController.class.php 第 4 行.
SQL: SHOW COLUMNS FROM `yh_site` [ RunTime:0.0040s ]
SQL: SELECT * FROM `yh_site` WHERE ( id='10' ) LIMIT 1   [ RunTime:0.0000s ]
NOTIC: [8] Undefined variable: name C:\web\www\a\App\Index\Event\IndexEvent.class.php 第 39 行.
NOTIC: [8] Undefined variable: jg C:\web\www\a\App\Index\Event\IndexEvent.class.php 第 82 行.
NOTIC: [8] Undefined variable: jg C:\web\www\a\App\Index\Event\IndexEvent.class.php 第 82 行.
NOTIC: [8] Undefined variable: jg C:\web\www\a\App\Index\Event\IndexEvent.class.php 第 82 行.
NOTIC: [8] Undefined variable: jg C:\web\www\a\App\Index\Event\IndexEvent.class.php 第 76 行.
NOTIC: [8] Undefined variable: jg C:\web\www\a\App\Index\Event\IndexEvent.class.php 第 82 行.
NOTIC: [8] Undefined variable: jg C:\web\www\a\App\Index\Event\IndexEvent.class.php 第 82 行.
NOTIC: [8] Undefined variable: jg C:\web\www\a\App\Index\Event\IndexEvent.class.php 第 76 行.

[ 2015-08-20T16:03:30+08:00 ] 127.0.0.1 /main.php/Index/login/getUserStatus/
INFO: [ app_init ] --START--
INFO: Run Behavior\BuildLiteBehavior [ RunTime:0.000000s ]
INFO: [ app_init ] --END-- [ RunTime:0.002000s ]
INFO: [ app_begin ] --START--
INFO: Run Behavior\ReadHtmlCacheBehavior [ RunTime:0.001000s ]
INFO: [ app_begin ] --END-- [ RunTime:0.001000s ]

[ 2015-08-20T16:03:31+08:00 ] 127.0.0.1 /main.php/Index/Index/alist/
INFO: [ app_init ] --START--
INFO: Run Behavior\BuildLiteBehavior [ RunTime:0.000000s ]
INFO: [ app_init ] --END-- [ RunTime:0.001001s ]
INFO: [ app_begin ] --START--
INFO: Run Behavior\ReadHtmlCacheBehavior [ RunTime:0.001000s ]
INFO: [ app_begin ] --END-- [ RunTime:0.001000s ]
NOTIC: [2048] Declaration of Index\Controller\IndexController::show() should be compatible with Think\Controller::show($content, $charset = '', $contentType = '', $prefix = '') C:\web\www\a\App\Index\Controller\IndexController.class.php 第 4 行.
SQL: SHOW COLUMNS FROM `yh_site` [ RunTime:0.0050s ]
SQL: SELECT * FROM `yh_site`  [ RunTime:0.0000s ]

[ 2015-08-20T16:03:39+08:00 ] 127.0.0.1 /main.php/Index/Index/repeat/
INFO: [ app_init ] --START--
INFO: Run Behavior\BuildLiteBehavior [ RunTime:0.000000s ]
INFO: [ app_init ] --END-- [ RunTime:0.001000s ]
INFO: [ app_begin ] --START--
INFO: Run Behavior\ReadHtmlCacheBehavior [ RunTime:0.002000s ]
INFO: [ app_begin ] --END-- [ RunTime:0.003000s ]
NOTIC: [2048] Declaration of Index\Controller\IndexController::show() should be compatible with Think\Controller::show($content, $charset = '', $contentType = '', $prefix = '') C:\web\www\a\App\Index\Controller\IndexController.class.php 第 4 行.
SQL: SHOW COLUMNS FROM `yh_site` [ RunTime:0.0060s ]
SQL: SELECT * FROM `yh_site` WHERE ( id='10' ) LIMIT 1   [ RunTime:0.0010s ]
NOTIC: [8] Undefined variable: name C:\web\www\a\App\Index\Event\IndexEvent.class.php 第 39 行.
NOTIC: [8] Undefined variable: jg C:\web\www\a\App\Index\Event\IndexEvent.class.php 第 82 行.
NOTIC: [8] Undefined variable: jg C:\web\www\a\App\Index\Event\IndexEvent.class.php 第 82 行.
NOTIC: [8] Undefined variable: jg C:\web\www\a\App\Index\Event\IndexEvent.class.php 第 82 行.
NOTIC: [8] Undefined variable: jg C:\web\www\a\App\Index\Event\IndexEvent.class.php 第 76 行.
NOTIC: [8] Undefined variable: jg C:\web\www\a\App\Index\Event\IndexEvent.class.php 第 82 行.
NOTIC: [8] Undefined variable: jg C:\web\www\a\App\Index\Event\IndexEvent.class.php 第 82 行.
NOTIC: [8] Undefined variable: jg C:\web\www\a\App\Index\Event\IndexEvent.class.php 第 76 行.

[ 2015-08-20T16:03:51+08:00 ] 127.0.0.1 /main.php/Index/login/getUserStatus/
INFO: [ app_init ] --START--
INFO: Run Behavior\BuildLiteBehavior [ RunTime:0.000000s ]
INFO: [ app_init ] --END-- [ RunTime:0.001000s ]
INFO: [ app_begin ] --START--
INFO: Run Behavior\ReadHtmlCacheBehavior [ RunTime:0.001000s ]
INFO: [ app_begin ] --END-- [ RunTime:0.001000s ]

[ 2015-08-20T16:03:51+08:00 ] 127.0.0.1 /main.php/Index/Index/alist/
INFO: [ app_init ] --START--
INFO: Run Behavior\BuildLiteBehavior [ RunTime:0.000000s ]
INFO: [ app_init ] --END-- [ RunTime:0.001000s ]
INFO: [ app_begin ] --START--
INFO: Run Behavior\ReadHtmlCacheBehavior [ RunTime:0.001000s ]
INFO: [ app_begin ] --END-- [ RunTime:0.001000s ]
NOTIC: [2048] Declaration of Index\Controller\IndexController::show() should be compatible with Think\Controller::show($content, $charset = '', $contentType = '', $prefix = '') C:\web\www\a\App\Index\Controller\IndexController.class.php 第 4 行.
SQL: SHOW COLUMNS FROM `yh_site` [ RunTime:0.0060s ]
SQL: SELECT * FROM `yh_site`  [ RunTime:0.0000s ]

[ 2015-08-20T16:04:13+08:00 ] 127.0.0.1 /main.php/Index/Index/repeat/
INFO: [ app_init ] --START--
INFO: Run Behavior\BuildLiteBehavior [ RunTime:0.000000s ]
INFO: [ app_init ] --END-- [ RunTime:0.001000s ]
INFO: [ app_begin ] --START--
INFO: Run Behavior\ReadHtmlCacheBehavior [ RunTime:0.001000s ]
INFO: [ app_begin ] --END-- [ RunTime:0.001000s ]
NOTIC: [2048] Declaration of Index\Controller\IndexController::show() should be compatible with Think\Controller::show($content, $charset = '', $contentType = '', $prefix = '') C:\web\www\a\App\Index\Controller\IndexController.class.php 第 4 行.
SQL: SHOW COLUMNS FROM `yh_site` [ RunTime:0.0040s ]
SQL: SELECT * FROM `yh_site` WHERE ( id='10' ) LIMIT 1   [ RunTime:0.0010s ]
NOTIC: [8] Undefined variable: name C:\web\www\a\App\Index\Event\IndexEvent.class.php 第 39 行.
NOTIC: [8] Undefined variable: jg C:\web\www\a\App\Index\Event\IndexEvent.class.php 第 82 行.
NOTIC: [8] Undefined variable: jg C:\web\www\a\App\Index\Event\IndexEvent.class.php 第 82 行.
NOTIC: [8] Undefined variable: jg C:\web\www\a\App\Index\Event\IndexEvent.class.php 第 82 行.
NOTIC: [8] Undefined variable: jg C:\web\www\a\App\Index\Event\IndexEvent.class.php 第 76 行.
NOTIC: [8] Undefined variable: jg C:\web\www\a\App\Index\Event\IndexEvent.class.php 第 82 行.
NOTIC: [8] Undefined variable: jg C:\web\www\a\App\Index\Event\IndexEvent.class.php 第 82 行.
NOTIC: [8] Undefined variable: jg C:\web\www\a\App\Index\Event\IndexEvent.class.php 第 76 行.
SQL: UPDATE `yh_site` SET `bd_include`='812',`is_pr`='2',`pr`='2',`weight`='1',`rank`='GRC厂家 : 50+,  EPS厂家 : 50+,  浮雕厂家 : 50+,  罗马柱厂家 : 4,  eps线条 : 50+,  grc线条 : 50+,  砂岩线条 : 16',`keywords`='GRC厂家,EPS厂家,浮雕厂家,罗马柱厂家,eps线条,grc线条,砂岩线条',`up_time`='1440057853' WHERE ( id = '10' ) [ RunTime:0.0080s ]
SQL: SHOW COLUMNS FROM `yh_report` [ RunTime:0.0040s ]
SQL: SELECT * FROM `yh_report` WHERE ( s_id = '10' AND key_name = 'GRC厂家'  AND (DAY(FROM_UNIXTIME(time, '%Y%m%d'))= DAY(now())) ) LIMIT 1   [ RunTime:0.0010s ]
SQL: UPDATE `yh_report` SET `s_id`='10',`key_name`='GRC厂家',`rank`='50+',`time`='1440057853' WHERE `id` = 28 [ RunTime:0.0110s ]
SQL: SELECT * FROM `yh_report` WHERE ( s_id = '10' AND key_name = 'EPS厂家'  AND (DAY(FROM_UNIXTIME(time, '%Y%m%d'))= DAY(now())) ) LIMIT 1   [ RunTime:0.0010s ]
SQL: UPDATE `yh_report` SET `s_id`='10',`key_name`='EPS厂家',`rank`='50+',`time`='1440057853' WHERE `id` = 29 [ RunTime:0.0110s ]
SQL: SELECT * FROM `yh_report` WHERE ( s_id = '10' AND key_name = '浮雕厂家'  AND (DAY(FROM_UNIXTIME(time, '%Y%m%d'))= DAY(now())) ) LIMIT 1   [ RunTime:0.0000s ]
SQL: UPDATE `yh_report` SET `s_id`='10',`key_name`='浮雕厂家',`rank`='50+',`time`='1440057853' WHERE `id` = 30 [ RunTime:0.0110s ]
SQL: SELECT * FROM `yh_report` WHERE ( s_id = '10' AND key_name = '罗马柱厂家'  AND (DAY(FROM_UNIXTIME(time, '%Y%m%d'))= DAY(now())) ) LIMIT 1   [ RunTime:0.0000s ]
SQL: UPDATE `yh_report` SET `s_id`='10',`key_name`='罗马柱厂家',`rank`='4',`time`='1440057853' WHERE `id` = 31 [ RunTime:0.0110s ]
SQL: SELECT * FROM `yh_report` WHERE ( s_id = '10' AND key_name = 'eps线条'  AND (DAY(FROM_UNIXTIME(time, '%Y%m%d'))= DAY(now())) ) LIMIT 1   [ RunTime:0.0010s ]
SQL: UPDATE `yh_report` SET `s_id`='10',`key_name`='eps线条',`rank`='50+',`time`='1440057853' WHERE `id` = 32 [ RunTime:0.0110s ]
SQL: SELECT * FROM `yh_report` WHERE ( s_id = '10' AND key_name = 'grc线条'  AND (DAY(FROM_UNIXTIME(time, '%Y%m%d'))= DAY(now())) ) LIMIT 1   [ RunTime:0.0010s ]
SQL: UPDATE `yh_report` SET `s_id`='10',`key_name`='grc线条',`rank`='50+',`time`='1440057853' WHERE `id` = 33 [ RunTime:0.0100s ]
SQL: SELECT * FROM `yh_report` WHERE ( s_id = '10' AND key_name = '砂岩线条'  AND (DAY(FROM_UNIXTIME(time, '%Y%m%d'))= DAY(now())) ) LIMIT 1   [ RunTime:0.0000s ]
SQL: UPDATE `yh_report` SET `s_id`='10',`key_name`='砂岩线条',`rank`='16',`time`='1440057853' WHERE `id` = 34 [ RunTime:0.0100s ]

[ 2015-08-20T16:04:21+08:00 ] 127.0.0.1 /main.php/Index/login/getUserStatus/
INFO: [ app_init ] --START--
INFO: Run Behavior\BuildLiteBehavior [ RunTime:0.000000s ]
INFO: [ app_init ] --END-- [ RunTime:0.001000s ]
INFO: [ app_begin ] --START--
INFO: Run Behavior\ReadHtmlCacheBehavior [ RunTime:0.001000s ]
INFO: [ app_begin ] --END-- [ RunTime:0.001000s ]

[ 2015-08-20T16:04:22+08:00 ] 127.0.0.1 /main.php/Index/Index/alist/
INFO: [ app_init ] --START--
INFO: Run Behavior\BuildLiteBehavior [ RunTime:0.000000s ]
INFO: [ app_init ] --END-- [ RunTime:0.001000s ]
INFO: [ app_begin ] --START--
INFO: Run Behavior\ReadHtmlCacheBehavior [ RunTime:0.002000s ]
INFO: [ app_begin ] --END-- [ RunTime:0.002000s ]
NOTIC: [2048] Declaration of Index\Controller\IndexController::show() should be compatible with Think\Controller::show($content, $charset = '', $contentType = '', $prefix = '') C:\web\www\a\App\Index\Controller\IndexController.class.php 第 4 行.
SQL: SHOW COLUMNS FROM `yh_site` [ RunTime:0.0040s ]
SQL: SELECT * FROM `yh_site`  [ RunTime:0.0000s ]

[ 2015-08-20T16:04:40+08:00 ] 127.0.0.1 /main.php/Index/Index/repeat/
INFO: [ app_init ] --START--
INFO: Run Behavior\BuildLiteBehavior [ RunTime:0.000000s ]
INFO: [ app_init ] --END-- [ RunTime:0.002000s ]
INFO: [ app_begin ] --START--
INFO: Run Behavior\ReadHtmlCacheBehavior [ RunTime:0.001000s ]
INFO: [ app_begin ] --END-- [ RunTime:0.001000s ]
NOTIC: [2048] Declaration of Index\Controller\IndexController::show() should be compatible with Think\Controller::show($content, $charset = '', $contentType = '', $prefix = '') C:\web\www\a\App\Index\Controller\IndexController.class.php 第 4 行.
SQL: SHOW COLUMNS FROM `yh_site` [ RunTime:0.0070s ]
SQL: SELECT * FROM `yh_site` WHERE ( id='2' ) LIMIT 1   [ RunTime:0.0010s ]
NOTIC: [8] Undefined offset: 0 C:\web\www\a\App\Index\Event\IndexEvent.class.php 第 120 行.
NOTIC: [8] Undefined variable: name C:\web\www\a\App\Index\Event\IndexEvent.class.php 第 39 行.
NOTIC: [8] Undefined variable: jg C:\web\www\a\App\Index\Event\IndexEvent.class.php 第 82 行.
NOTIC: [8] Undefined variable: jg C:\web\www\a\App\Index\Event\IndexEvent.class.php 第 82 行.
NOTIC: [8] Undefined variable: jg C:\web\www\a\App\Index\Event\IndexEvent.class.php 第 82 行.
SQL: UPDATE `yh_site` SET `bd_include`='201',`is_pr`='2',`pr`='3',`weight`='0',`rank`='电磁除铁器 : 50+,  永磁除铁器 : 50+,  除铁器 : 50+',`keywords`='电磁除铁器,永磁除铁器,除铁器',`up_time`='1440057880' WHERE ( id = '2' ) [ RunTime:0.0250s ]
SQL: SHOW COLUMNS FROM `yh_report` [ RunTime:0.0040s ]
SQL: SELECT * FROM `yh_report` WHERE ( s_id = '2' AND key_name = '电磁除铁器'  AND (DAY(FROM_UNIXTIME(time, '%Y%m%d'))= DAY(now())) ) LIMIT 1   [ RunTime:0.0000s ]
SQL: UPDATE `yh_report` SET `s_id`='2',`key_name`='电磁除铁器',`rank`='50+',`time`='1440057880' WHERE `id` = 6 [ RunTime:0.0130s ]
SQL: SELECT * FROM `yh_report` WHERE ( s_id = '2' AND key_name = '永磁除铁器'  AND (DAY(FROM_UNIXTIME(time, '%Y%m%d'))= DAY(now())) ) LIMIT 1   [ RunTime:0.0010s ]
SQL: UPDATE `yh_report` SET `s_id`='2',`key_name`='永磁除铁器',`rank`='50+',`time`='1440057880' WHERE `id` = 7 [ RunTime:0.0160s ]
SQL: SELECT * FROM `yh_report` WHERE ( s_id = '2' AND key_name = '除铁器'  AND (DAY(FROM_UNIXTIME(time, '%Y%m%d'))= DAY(now())) ) LIMIT 1   [ RunTime:0.0010s ]
SQL: UPDATE `yh_report` SET `s_id`='2',`key_name`='除铁器',`rank`='50+',`time`='1440057880' WHERE `id` = 8 [ RunTime:0.0130s ]

[ 2015-08-20T16:04:44+08:00 ] 127.0.0.1 /main.php/Index/Index/repeat/
INFO: [ app_init ] --START--
INFO: Run Behavior\BuildLiteBehavior [ RunTime:0.000000s ]
INFO: [ app_init ] --END-- [ RunTime:0.000000s ]
INFO: [ app_begin ] --START--
INFO: Run Behavior\ReadHtmlCacheBehavior [ RunTime:0.000000s ]
INFO: [ app_begin ] --END-- [ RunTime:0.002000s ]
NOTIC: [2048] Declaration of Index\Controller\IndexController::show() should be compatible with Think\Controller::show($content, $charset = '', $contentType = '', $prefix = '') C:\web\www\a\App\Index\Controller\IndexController.class.php 第 4 行.
SQL: SHOW COLUMNS FROM `yh_site` [ RunTime:0.0060s ]
SQL: SELECT * FROM `yh_site` WHERE ( id='8' ) LIMIT 1   [ RunTime:0.0010s ]
NOTIC: [8] Undefined variable: name C:\web\www\a\App\Index\Event\IndexEvent.class.php 第 39 行.
NOTIC: [8] Undefined variable: jg C:\web\www\a\App\Index\Event\IndexEvent.class.php 第 76 行.
NOTIC: [8] Undefined variable: jg C:\web\www\a\App\Index\Event\IndexEvent.class.php 第 76 行.
NOTIC: [8] Undefined variable: jg C:\web\www\a\App\Index\Event\IndexEvent.class.php 第 76 行.
NOTIC: [8] Undefined variable: jg C:\web\www\a\App\Index\Event\IndexEvent.class.php 第 76 行.
NOTIC: [8] Undefined variable: jg C:\web\www\a\App\Index\Event\IndexEvent.class.php 第 76 行.
SQL: UPDATE `yh_site` SET `bd_include`='22492',`is_pr`='2',`pr`='0',`weight`='1',`rank`='母线槽绝缘配件 : 5,  母线接头器 : 9,  绝缘隔板 : 38,  母线槽插座 : 10,  母线铜插脚 : 6',`keywords`='母线槽绝缘配件,母线接头器,绝缘隔板,母线槽插座,母线铜插脚',`up_time`='1440057884' WHERE ( id = '8' ) [ RunTime:0.0130s ]
SQL: SHOW COLUMNS FROM `yh_report` [ RunTime:0.0040s ]
SQL: SELECT * FROM `yh_report` WHERE ( s_id = '8' AND key_name = '母线槽绝缘配件'  AND (DAY(FROM_UNIXTIME(time, '%Y%m%d'))= DAY(now())) ) LIMIT 1   [ RunTime:0.0000s ]
SQL: UPDATE `yh_report` SET `s_id`='8',`key_name`='母线槽绝缘配件',`rank`='5',`time`='1440057884' WHERE `id` = 17 [ RunTime:0.0110s ]
SQL: SELECT * FROM `yh_report` WHERE ( s_id = '8' AND key_name = '母线接头器'  AND (DAY(FROM_UNIXTIME(time, '%Y%m%d'))= DAY(now())) ) LIMIT 1   [ RunTime:0.0000s ]
SQL: UPDATE `yh_report` SET `s_id`='8',`key_name`='母线接头器',`rank`='9',`time`='1440057884' WHERE `id` = 18 [ RunTime:0.0100s ]
SQL: SELECT * FROM `yh_report` WHERE ( s_id = '8' AND key_name = '绝缘隔板'  AND (DAY(FROM_UNIXTIME(time, '%Y%m%d'))= DAY(now())) ) LIMIT 1   [ RunTime:0.0000s ]
SQL: UPDATE `yh_report` SET `s_id`='8',`key_name`='绝缘隔板',`rank`='38',`time`='1440057884' WHERE `id` = 19 [ RunTime:0.0100s ]
SQL: SELECT * FROM `yh_report` WHERE ( s_id = '8' AND key_name = '母线槽插座'  AND (DAY(FROM_UNIXTIME(time, '%Y%m%d'))= DAY(now())) ) LIMIT 1   [ RunTime:0.0010s ]
SQL: UPDATE `yh_report` SET `s_id`='8',`key_name`='母线槽插座',`rank`='10',`time`='1440057884' WHERE `id` = 20 [ RunTime:0.0110s ]
SQL: SELECT * FROM `yh_report` WHERE ( s_id = '8' AND key_name = '母线铜插脚'  AND (DAY(FROM_UNIXTIME(time, '%Y%m%d'))= DAY(now())) ) LIMIT 1   [ RunTime:0.0000s ]
SQL: UPDATE `yh_report` SET `s_id`='8',`key_name`='母线铜插脚',`rank`='6',`time`='1440057884' WHERE `id` = 21 [ RunTime:0.0110s ]

[ 2015-08-20T16:04:49+08:00 ] 127.0.0.1 /main.php/Index/Index/repeat/
INFO: [ app_init ] --START--
INFO: Run Behavior\BuildLiteBehavior [ RunTime:0.000000s ]
INFO: [ app_init ] --END-- [ RunTime:0.001000s ]
INFO: [ app_begin ] --START--
INFO: Run Behavior\ReadHtmlCacheBehavior [ RunTime:0.000000s ]
INFO: [ app_begin ] --END-- [ RunTime:0.001000s ]
NOTIC: [2048] Declaration of Index\Controller\IndexController::show() should be compatible with Think\Controller::show($content, $charset = '', $contentType = '', $prefix = '') C:\web\www\a\App\Index\Controller\IndexController.class.php 第 4 行.
SQL: SHOW COLUMNS FROM `yh_site` [ RunTime:0.0050s ]
SQL: SELECT * FROM `yh_site` WHERE ( id='9' ) LIMIT 1   [ RunTime:0.0000s ]
NOTIC: [8] Undefined variable: name C:\web\www\a\App\Index\Event\IndexEvent.class.php 第 39 行.
NOTIC: [8] Undefined variable: jg C:\web\www\a\App\Index\Event\IndexEvent.class.php 第 82 行.
NOTIC: [8] Undefined variable: jg C:\web\www\a\App\Index\Event\IndexEvent.class.php 第 82 行.
NOTIC: [8] Undefined variable: jg C:\web\www\a\App\Index\Event\IndexEvent.class.php 第 82 行.
NOTIC: [8] Undefined variable: jg C:\web\www\a\App\Index\Event\IndexEvent.class.php 第 82 行.
NOTIC: [8] Undefined variable: jg C:\web\www\a\App\Index\Event\IndexEvent.class.php 第 82 行.
SQL: UPDATE `yh_site` SET `bd_include`='29524',`is_pr`='2',`pr`='0',`weight`='1',`rank`='庭院灯厂家 : 50+,  LED道路灯价格 : 50+,  地插灯批发 : 50+,  地埋灯规格 : 50+,  点光源公司 : 50+',`keywords`='庭院灯厂家,LED道路灯价格,地插灯批发,地埋灯规格,点光源公司',`up_time`='1440057889' WHERE ( id = '9' ) [ RunTime:0.0130s ]
SQL: SHOW COLUMNS FROM `yh_report` [ RunTime:0.0040s ]
SQL: SELECT * FROM `yh_report` WHERE ( s_id = '9' AND key_name = '庭院灯厂家'  AND (DAY(FROM_UNIXTIME(time, '%Y%m%d'))= DAY(now())) ) LIMIT 1   [ RunTime:0.0000s ]
SQL: UPDATE `yh_report` SET `s_id`='9',`key_name`='庭院灯厂家',`rank`='50+',`time`='1440057889' WHERE `id` = 22 [ RunTime:0.0110s ]
SQL: SELECT * FROM `yh_report` WHERE ( s_id = '9' AND key_name = 'LED道路灯价格'  AND (DAY(FROM_UNIXTIME(time, '%Y%m%d'))= DAY(now())) ) LIMIT 1   [ RunTime:0.0010s ]
SQL: UPDATE `yh_report` SET `s_id`='9',`key_name`='LED道路灯价格',`rank`='50+',`time`='1440057889' WHERE `id` = 23 [ RunTime:0.0100s ]
SQL: SELECT * FROM `yh_report` WHERE ( s_id = '9' AND key_name = '地插灯批发'  AND (DAY(FROM_UNIXTIME(time, '%Y%m%d'))= DAY(now())) ) LIMIT 1   [ RunTime:0.0000s ]
SQL: UPDATE `yh_report` SET `s_id`='9',`key_name`='地插灯批发',`rank`='50+',`time`='1440057889' WHERE `id` = 24 [ RunTime:0.0100s ]
SQL: SELECT * FROM `yh_report` WHERE ( s_id = '9' AND key_name = '地埋灯规格'  AND (DAY(FROM_UNIXTIME(time, '%Y%m%d'))= DAY(now())) ) LIMIT 1   [ RunTime:0.0010s ]
SQL: UPDATE `yh_report` SET `s_id`='9',`key_name`='地埋灯规格',`rank`='50+',`time`='1440057889' WHERE `id` = 25 [ RunTime:0.0110s ]
SQL: SELECT * FROM `yh_report` WHERE ( s_id = '9' AND key_name = '点光源公司'  AND (DAY(FROM_UNIXTIME(time, '%Y%m%d'))= DAY(now())) ) LIMIT 1   [ RunTime:0.0010s ]
SQL: UPDATE `yh_report` SET `s_id`='9',`key_name`='点光源公司',`rank`='50+',`time`='1440057889' WHERE `id` = 26 [ RunTime:0.0110s ]

[ 2015-08-20T16:04:59+08:00 ] 127.0.0.1 /main.php/Index/login/getUserStatus/
INFO: [ app_init ] --START--
INFO: Run Behavior\BuildLiteBehavior [ RunTime:0.000000s ]
INFO: [ app_init ] --END-- [ RunTime:0.001000s ]
INFO: [ app_begin ] --START--
INFO: Run Behavior\ReadHtmlCacheBehavior [ RunTime:0.001000s ]
INFO: [ app_begin ] --END-- [ RunTime:0.001000s ]

[ 2015-08-20T16:04:59+08:00 ] 127.0.0.1 /main.php/Index/Index/alist/
INFO: [ app_init ] --START--
INFO: Run Behavior\BuildLiteBehavior [ RunTime:0.000000s ]
INFO: [ app_init ] --END-- [ RunTime:0.001000s ]
INFO: [ app_begin ] --START--
INFO: Run Behavior\ReadHtmlCacheBehavior [ RunTime:0.001001s ]
INFO: [ app_begin ] --END-- [ RunTime:0.001001s ]
NOTIC: [2048] Declaration of Index\Controller\IndexController::show() should be compatible with Think\Controller::show($content, $charset = '', $contentType = '', $prefix = '') C:\web\www\a\App\Index\Controller\IndexController.class.php 第 4 行.
SQL: SHOW COLUMNS FROM `yh_site` [ RunTime:0.0060s ]
SQL: SELECT * FROM `yh_site`  [ RunTime:0.0000s ]

[ 2015-08-20T16:05:05+08:00 ] 127.0.0.1 /main.php/Index/Index/repeat/
INFO: [ app_init ] --START--
INFO: Run Behavior\BuildLiteBehavior [ RunTime:0.000000s ]
INFO: [ app_init ] --END-- [ RunTime:0.001000s ]
INFO: [ app_begin ] --START--
INFO: Run Behavior\ReadHtmlCacheBehavior [ RunTime:0.000000s ]
INFO: [ app_begin ] --END-- [ RunTime:0.002000s ]
NOTIC: [2048] Declaration of Index\Controller\IndexController::show() should be compatible with Think\Controller::show($content, $charset = '', $contentType = '', $prefix = '') C:\web\www\a\App\Index\Controller\IndexController.class.php 第 4 行.
SQL: SHOW COLUMNS FROM `yh_site` [ RunTime:0.0060s ]
SQL: SELECT * FROM `yh_site` WHERE ( id='2' ) LIMIT 1   [ RunTime:0.0000s ]
NOTIC: [8] Undefined offset: 0 C:\web\www\a\App\Index\Event\IndexEvent.class.php 第 120 行.
NOTIC: [8] Undefined variable: name C:\web\www\a\App\Index\Event\IndexEvent.class.php 第 39 行.
NOTIC: [8] Undefined variable: jg C:\web\www\a\App\Index\Event\IndexEvent.class.php 第 82 行.
NOTIC: [8] Undefined variable: jg C:\web\www\a\App\Index\Event\IndexEvent.class.php 第 82 行.
NOTIC: [8] Undefined variable: jg C:\web\www\a\App\Index\Event\IndexEvent.class.php 第 82 行.
SQL: UPDATE `yh_site` SET `bd_include`='201',`weight`='0',`rank`='电磁除铁器 : 50+,  永磁除铁器 : 50+,  除铁器 : 50+',`keywords`='电磁除铁器,永磁除铁器,除铁器',`up_time`='1440057905' WHERE ( id = '2' ) [ RunTime:0.0110s ]
SQL: SHOW COLUMNS FROM `yh_report` [ RunTime:0.0040s ]
SQL: SELECT * FROM `yh_report` WHERE ( s_id = '2' AND key_name = '电磁除铁器'  AND (DAY(FROM_UNIXTIME(time, '%Y%m%d'))= DAY(now())) ) LIMIT 1   [ RunTime:0.0010s ]
SQL: UPDATE `yh_report` SET `s_id`='2',`key_name`='电磁除铁器',`rank`='50+',`time`='1440057905' WHERE `id` = 6 [ RunTime:0.0110s ]
SQL: SELECT * FROM `yh_report` WHERE ( s_id = '2' AND key_name = '永磁除铁器'  AND (DAY(FROM_UNIXTIME(time, '%Y%m%d'))= DAY(now())) ) LIMIT 1   [ RunTime:0.0000s ]
SQL: UPDATE `yh_report` SET `s_id`='2',`key_name`='永磁除铁器',`rank`='50+',`time`='1440057905' WHERE `id` = 7 [ RunTime:0.0090s ]
SQL: SELECT * FROM `yh_report` WHERE ( s_id = '2' AND key_name = '除铁器'  AND (DAY(FROM_UNIXTIME(time, '%Y%m%d'))= DAY(now())) ) LIMIT 1   [ RunTime:0.0010s ]
SQL: UPDATE `yh_report` SET `s_id`='2',`key_name`='除铁器',`rank`='50+',`time`='1440057905' WHERE `id` = 8 [ RunTime:0.0100s ]

[ 2015-08-20T16:05:12+08:00 ] 127.0.0.1 /main.php/Index/Index/repeat/
INFO: [ app_init ] --START--
INFO: Run Behavior\BuildLiteBehavior [ RunTime:0.000000s ]
INFO: [ app_init ] --END-- [ RunTime:0.001000s ]
INFO: [ app_begin ] --START--
INFO: Run Behavior\ReadHtmlCacheBehavior [ RunTime:0.000000s ]
INFO: [ app_begin ] --END-- [ RunTime:0.000000s ]
NOTIC: [2048] Declaration of Index\Controller\IndexController::show() should be compatible with Think\Controller::show($content, $charset = '', $contentType = '', $prefix = '') C:\web\www\a\App\Index\Controller\IndexController.class.php 第 4 行.
SQL: SHOW COLUMNS FROM `yh_site` [ RunTime:0.0030s ]
SQL: SELECT * FROM `yh_site` WHERE ( id='8' ) LIMIT 1   [ RunTime:0.0010s ]
NOTIC: [8] Undefined variable: name C:\web\www\a\App\Index\Event\IndexEvent.class.php 第 39 行.
NOTIC: [8] Undefined variable: jg C:\web\www\a\App\Index\Event\IndexEvent.class.php 第 76 行.
NOTIC: [8] Undefined variable: jg C:\web\www\a\App\Index\Event\IndexEvent.class.php 第 76 行.
NOTIC: [8] Undefined variable: jg C:\web\www\a\App\Index\Event\IndexEvent.class.php 第 76 行.
NOTIC: [8] Undefined variable: jg C:\web\www\a\App\Index\Event\IndexEvent.class.php 第 76 行.
NOTIC: [8] Undefined variable: jg C:\web\www\a\App\Index\Event\IndexEvent.class.php 第 76 行.
SQL: UPDATE `yh_site` SET `bd_include`='22492',`weight`='1',`rank`='母线槽绝缘配件 : 5,  母线接头器 : 9,  绝缘隔板 : 38,  母线槽插座 : 10,  母线铜插脚 : 6',`keywords`='母线槽绝缘配件,母线接头器,绝缘隔板,母线槽插座,母线铜插脚',`up_time`='1440057912' WHERE ( id = '8' ) [ RunTime:0.0130s ]
SQL: SHOW COLUMNS FROM `yh_report` [ RunTime:0.0040s ]
SQL: SELECT * FROM `yh_report` WHERE ( s_id = '8' AND key_name = '母线槽绝缘配件'  AND (DAY(FROM_UNIXTIME(time, '%Y%m%d'))= DAY(now())) ) LIMIT 1   [ RunTime:0.0000s ]
SQL: UPDATE `yh_report` SET `s_id`='8',`key_name`='母线槽绝缘配件',`rank`='5',`time`='1440057912' WHERE `id` = 17 [ RunTime:0.0090s ]
SQL: SELECT * FROM `yh_report` WHERE ( s_id = '8' AND key_name = '母线接头器'  AND (DAY(FROM_UNIXTIME(time, '%Y%m%d'))= DAY(now())) ) LIMIT 1   [ RunTime:0.0010s ]
SQL: UPDATE `yh_report` SET `s_id`='8',`key_name`='母线接头器',`rank`='9',`time`='1440057912' WHERE `id` = 18 [ RunTime:0.0090s ]
SQL: SELECT * FROM `yh_report` WHERE ( s_id = '8' AND key_name = '绝缘隔板'  AND (DAY(FROM_UNIXTIME(time, '%Y%m%d'))= DAY(now())) ) LIMIT 1   [ RunTime:0.0000s ]
SQL: UPDATE `yh_report` SET `s_id`='8',`key_name`='绝缘隔板',`rank`='38',`time`='1440057912' WHERE `id` = 19 [ RunTime:0.0090s ]
SQL: SELECT * FROM `yh_report` WHERE ( s_id = '8' AND key_name = '母线槽插座'  AND (DAY(FROM_UNIXTIME(time, '%Y%m%d'))= DAY(now())) ) LIMIT 1   [ RunTime:0.0000s ]
SQL: UPDATE `yh_report` SET `s_id`='8',`key_name`='母线槽插座',`rank`='10',`time`='1440057912' WHERE `id` = 20 [ RunTime:0.0110s ]
SQL: SELECT * FROM `yh_report` WHERE ( s_id = '8' AND key_name = '母线铜插脚'  AND (DAY(FROM_UNIXTIME(time, '%Y%m%d'))= DAY(now())) ) LIMIT 1   [ RunTime:0.0010s ]
SQL: UPDATE `yh_report` SET `s_id`='8',`key_name`='母线铜插脚',`rank`='6',`time`='1440057912' WHERE `id` = 21 [ RunTime:0.0110s ]

[ 2015-08-20T16:05:17+08:00 ] 127.0.0.1 /main.php/Index/Index/repeat/
INFO: [ app_init ] --START--
INFO: Run Behavior\BuildLiteBehavior [ RunTime:0.000000s ]
INFO: [ app_init ] --END-- [ RunTime:0.001000s ]
INFO: [ app_begin ] --START--
INFO: Run Behavior\ReadHtmlCacheBehavior [ RunTime:0.002000s ]
INFO: [ app_begin ] --END-- [ RunTime:0.002000s ]
NOTIC: [2048] Declaration of Index\Controller\IndexController::show() should be compatible with Think\Controller::show($content, $charset = '', $contentType = '', $prefix = '') C:\web\www\a\App\Index\Controller\IndexController.class.php 第 4 行.
SQL: SHOW COLUMNS FROM `yh_site` [ RunTime:0.0090s ]
SQL: SELECT * FROM `yh_site` WHERE ( id='9' ) LIMIT 1   [ RunTime:0.0010s ]
NOTIC: [8] Undefined variable: name C:\web\www\a\App\Index\Event\IndexEvent.class.php 第 39 行.
NOTIC: [8] Undefined variable: jg C:\web\www\a\App\Index\Event\IndexEvent.class.php 第 82 行.
NOTIC: [8] Undefined variable: jg C:\web\www\a\App\Index\Event\IndexEvent.class.php 第 82 行.
NOTIC: [8] Undefined variable: jg C:\web\www\a\App\Index\Event\IndexEvent.class.php 第 82 行.
NOTIC: [8] Undefined variable: jg C:\web\www\a\App\Index\Event\IndexEvent.class.php 第 82 行.
NOTIC: [8] Undefined variable: jg C:\web\www\a\App\Index\Event\IndexEvent.class.php 第 82 行.
SQL: UPDATE `yh_site` SET `bd_include`='29524',`weight`='1',`rank`='庭院灯厂家 : 50+,  LED道路灯价格 : 50+,  地插灯批发 : 50+,  地埋灯规格 : 50+,  点光源公司 : 50+',`keywords`='庭院灯厂家,LED道路灯价格,地插灯批发,地埋灯规格,点光源公司',`up_time`='1440057917' WHERE ( id = '9' ) [ RunTime:0.0100s ]
SQL: SHOW COLUMNS FROM `yh_report` [ RunTime:0.0040s ]
SQL: SELECT * FROM `yh_report` WHERE ( s_id = '9' AND key_name = '庭院灯厂家'  AND (DAY(FROM_UNIXTIME(time, '%Y%m%d'))= DAY(now())) ) LIMIT 1   [ RunTime:0.0010s ]
SQL: UPDATE `yh_report` SET `s_id`='9',`key_name`='庭院灯厂家',`rank`='50+',`time`='1440057917' WHERE `id` = 22 [ RunTime:0.0110s ]
SQL: SELECT * FROM `yh_report` WHERE ( s_id = '9' AND key_name = 'LED道路灯价格'  AND (DAY(FROM_UNIXTIME(time, '%Y%m%d'))= DAY(now())) ) LIMIT 1   [ RunTime:0.0010s ]
SQL: UPDATE `yh_report` SET `s_id`='9',`key_name`='LED道路灯价格',`rank`='50+',`time`='1440057917' WHERE `id` = 23 [ RunTime:0.0100s ]
SQL: SELECT * FROM `yh_report` WHERE ( s_id = '9' AND key_name = '地插灯批发'  AND (DAY(FROM_UNIXTIME(time, '%Y%m%d'))= DAY(now())) ) LIMIT 1   [ RunTime:0.0010s ]
SQL: UPDATE `yh_report` SET `s_id`='9',`key_name`='地插灯批发',`rank`='50+',`time`='1440057917' WHERE `id` = 24 [ RunTime:0.0100s ]
SQL: SELECT * FROM `yh_report` WHERE ( s_id = '9' AND key_name = '地埋灯规格'  AND (DAY(FROM_UNIXTIME(time, '%Y%m%d'))= DAY(now())) ) LIMIT 1   [ RunTime:0.0000s ]
SQL: UPDATE `yh_report` SET `s_id`='9',`key_name`='地埋灯规格',`rank`='50+',`time`='1440057917' WHERE `id` = 25 [ RunTime:0.0090s ]
SQL: SELECT * FROM `yh_report` WHERE ( s_id = '9' AND key_name = '点光源公司'  AND (DAY(FROM_UNIXTIME(time, '%Y%m%d'))= DAY(now())) ) LIMIT 1   [ RunTime:0.0000s ]
SQL: UPDATE `yh_report` SET `s_id`='9',`key_name`='点光源公司',`rank`='50+',`time`='1440057917' WHERE `id` = 26 [ RunTime:0.0090s ]

[ 2015-08-20T16:05:23+08:00 ] 127.0.0.1 /main.php/Index/Index/repeat/
INFO: [ app_init ] --START--
INFO: Run Behavior\BuildLiteBehavior [ RunTime:0.000000s ]
INFO: [ app_init ] --END-- [ RunTime:0.001000s ]
INFO: [ app_begin ] --START--
INFO: Run Behavior\ReadHtmlCacheBehavior [ RunTime:0.002000s ]
INFO: [ app_begin ] --END-- [ RunTime:0.002000s ]
NOTIC: [2048] Declaration of Index\Controller\IndexController::show() should be compatible with Think\Controller::show($content, $charset = '', $contentType = '', $prefix = '') C:\web\www\a\App\Index\Controller\IndexController.class.php 第 4 行.
SQL: SHOW COLUMNS FROM `yh_site` [ RunTime:0.0040s ]
SQL: SELECT * FROM `yh_site` WHERE ( id='10' ) LIMIT 1   [ RunTime:0.0010s ]
NOTIC: [8] Undefined variable: name C:\web\www\a\App\Index\Event\IndexEvent.class.php 第 39 行.
NOTIC: [8] Undefined variable: jg C:\web\www\a\App\Index\Event\IndexEvent.class.php 第 82 行.
NOTIC: [8] Undefined variable: jg C:\web\www\a\App\Index\Event\IndexEvent.class.php 第 82 行.
NOTIC: [8] Undefined variable: jg C:\web\www\a\App\Index\Event\IndexEvent.class.php 第 82 行.
NOTIC: [8] Undefined variable: jg C:\web\www\a\App\Index\Event\IndexEvent.class.php 第 76 行.
NOTIC: [8] Undefined variable: jg C:\web\www\a\App\Index\Event\IndexEvent.class.php 第 82 行.
NOTIC: [8] Undefined variable: jg C:\web\www\a\App\Index\Event\IndexEvent.class.php 第 82 行.
NOTIC: [8] Undefined variable: jg C:\web\www\a\App\Index\Event\IndexEvent.class.php 第 76 行.
SQL: UPDATE `yh_site` SET `bd_include`='812',`weight`='1',`rank`='GRC厂家 : 50+,  EPS厂家 : 50+,  浮雕厂家 : 50+,  罗马柱厂家 : 4,  eps线条 : 50+,  grc线条 : 50+,  砂岩线条 : 16',`keywords`='GRC厂家,EPS厂家,浮雕厂家,罗马柱厂家,eps线条,grc线条,砂岩线条',`up_time`='1440057923' WHERE ( id = '10' ) [ RunTime:0.0120s ]
SQL: SHOW COLUMNS FROM `yh_report` [ RunTime:0.0030s ]
SQL: SELECT * FROM `yh_report` WHERE ( s_id = '10' AND key_name = 'GRC厂家'  AND (DAY(FROM_UNIXTIME(time, '%Y%m%d'))= DAY(now())) ) LIMIT 1   [ RunTime:0.0010s ]
SQL: UPDATE `yh_report` SET `s_id`='10',`key_name`='GRC厂家',`rank`='50+',`time`='1440057923' WHERE `id` = 28 [ RunTime:0.0100s ]
SQL: SELECT * FROM `yh_report` WHERE ( s_id = '10' AND key_name = 'EPS厂家'  AND (DAY(FROM_UNIXTIME(time, '%Y%m%d'))= DAY(now())) ) LIMIT 1   [ RunTime:0.0000s ]
SQL: UPDATE `yh_report` SET `s_id`='10',`key_name`='EPS厂家',`rank`='50+',`time`='1440057923' WHERE `id` = 29 [ RunTime:0.0100s ]
SQL: SELECT * FROM `yh_report` WHERE ( s_id = '10' AND key_name = '浮雕厂家'  AND (DAY(FROM_UNIXTIME(time, '%Y%m%d'))= DAY(now())) ) LIMIT 1   [ RunTime:0.0000s ]
SQL: UPDATE `yh_report` SET `s_id`='10',`key_name`='浮雕厂家',`rank`='50+',`time`='1440057923' WHERE `id` = 30 [ RunTime:0.0090s ]
SQL: SELECT * FROM `yh_report` WHERE ( s_id = '10' AND key_name = '罗马柱厂家'  AND (DAY(FROM_UNIXTIME(time, '%Y%m%d'))= DAY(now())) ) LIMIT 1   [ RunTime:0.0010s ]
SQL: UPDATE `yh_report` SET `s_id`='10',`key_name`='罗马柱厂家',`rank`='4',`time`='1440057923' WHERE `id` = 31 [ RunTime:0.0110s ]
SQL: SELECT * FROM `yh_report` WHERE ( s_id = '10' AND key_name = 'eps线条'  AND (DAY(FROM_UNIXTIME(time, '%Y%m%d'))= DAY(now())) ) LIMIT 1   [ RunTime:0.0000s ]
SQL: UPDATE `yh_report` SET `s_id`='10',`key_name`='eps线条',`rank`='50+',`time`='1440057923' WHERE `id` = 32 [ RunTime:0.0110s ]
SQL: SELECT * FROM `yh_report` WHERE ( s_id = '10' AND key_name = 'grc线条'  AND (DAY(FROM_UNIXTIME(time, '%Y%m%d'))= DAY(now())) ) LIMIT 1   [ RunTime:0.0000s ]
SQL: UPDATE `yh_report` SET `s_id`='10',`key_name`='grc线条',`rank`='50+',`time`='1440057923' WHERE `id` = 33 [ RunTime:0.0100s ]
SQL: SELECT * FROM `yh_report` WHERE ( s_id = '10' AND key_name = '砂岩线条'  AND (DAY(FROM_UNIXTIME(time, '%Y%m%d'))= DAY(now())) ) LIMIT 1   [ RunTime:0.0010s ]
SQL: UPDATE `yh_report` SET `s_id`='10',`key_name`='砂岩线条',`rank`='16',`time`='1440057923' WHERE `id` = 34 [ RunTime:0.0110s ]

[ 2015-08-20T16:05:52+08:00 ] 127.0.0.1 /main.php/Index/Index/allSite/
INFO: [ app_init ] --START--
INFO: Run Behavior\BuildLiteBehavior [ RunTime:0.000000s ]
INFO: [ app_init ] --END-- [ RunTime:0.002000s ]
INFO: [ app_begin ] --START--
INFO: Run Behavior\ReadHtmlCacheBehavior [ RunTime:0.001000s ]
INFO: [ app_begin ] --END-- [ RunTime:0.001000s ]
NOTIC: [2048] Declaration of Index\Controller\IndexController::show() should be compatible with Think\Controller::show($content, $charset = '', $contentType = '', $prefix = '') C:\web\www\a\App\Index\Controller\IndexController.class.php 第 4 行.
SQL: SHOW COLUMNS FROM `yh_site` [ RunTime:0.0040s ]
SQL: SELECT * FROM `yh_site`  [ RunTime:0.0000s ]

[ 2015-08-20T16:05:55+08:00 ] 127.0.0.1 /main.php/Index/Index/repeat/
INFO: [ app_init ] --START--
INFO: Run Behavior\BuildLiteBehavior [ RunTime:0.000000s ]
INFO: [ app_init ] --END-- [ RunTime:0.001000s ]
INFO: [ app_begin ] --START--
INFO: Run Behavior\ReadHtmlCacheBehavior [ RunTime:0.000000s ]
INFO: [ app_begin ] --END-- [ RunTime:0.001000s ]
NOTIC: [2048] Declaration of Index\Controller\IndexController::show() should be compatible with Think\Controller::show($content, $charset = '', $contentType = '', $prefix = '') C:\web\www\a\App\Index\Controller\IndexController.class.php 第 4 行.
SQL: SHOW COLUMNS FROM `yh_site` [ RunTime:0.0040s ]
SQL: SELECT * FROM `yh_site` WHERE ( id='2' ) LIMIT 1   [ RunTime:0.0010s ]
NOTIC: [8] Undefined offset: 0 C:\web\www\a\App\Index\Event\IndexEvent.class.php 第 120 行.
NOTIC: [8] Undefined variable: name C:\web\www\a\App\Index\Event\IndexEvent.class.php 第 39 行.
NOTIC: [8] Undefined variable: jg C:\web\www\a\App\Index\Event\IndexEvent.class.php 第 82 行.
NOTIC: [8] Undefined variable: jg C:\web\www\a\App\Index\Event\IndexEvent.class.php 第 82 行.
NOTIC: [8] Undefined variable: jg C:\web\www\a\App\Index\Event\IndexEvent.class.php 第 82 行.
SQL: UPDATE `yh_site` SET `bd_include`='201',`weight`='0',`rank`='电磁除铁器 : 50+,  永磁除铁器 : 50+,  除铁器 : 50+',`keywords`='电磁除铁器,永磁除铁器,除铁器',`up_time`='1440057955' WHERE ( id = '2' ) [ RunTime:0.0100s ]
SQL: SHOW COLUMNS FROM `yh_report` [ RunTime:0.0030s ]
SQL: SELECT * FROM `yh_report` WHERE ( s_id = '2' AND key_name = '电磁除铁器'  AND (DAY(FROM_UNIXTIME(time, '%Y%m%d'))= DAY(now())) ) LIMIT 1   [ RunTime:0.0010s ]
SQL: UPDATE `yh_report` SET `s_id`='2',`key_name`='电磁除铁器',`rank`='50+',`time`='1440057955' WHERE `id` = 6 [ RunTime:0.0100s ]
SQL: SELECT * FROM `yh_report` WHERE ( s_id = '2' AND key_name = '永磁除铁器'  AND (DAY(FROM_UNIXTIME(time, '%Y%m%d'))= DAY(now())) ) LIMIT 1   [ RunTime:0.0000s ]
SQL: UPDATE `yh_report` SET `s_id`='2',`key_name`='永磁除铁器',`rank`='50+',`time`='1440057955' WHERE `id` = 7 [ RunTime:0.0110s ]
SQL: SELECT * FROM `yh_report` WHERE ( s_id = '2' AND key_name = '除铁器'  AND (DAY(FROM_UNIXTIME(time, '%Y%m%d'))= DAY(now())) ) LIMIT 1   [ RunTime:0.0000s ]
SQL: UPDATE `yh_report` SET `s_id`='2',`key_name`='除铁器',`rank`='50+',`time`='1440057955' WHERE `id` = 8 [ RunTime:0.0120s ]

[ 2015-08-20T16:05:58+08:00 ] 127.0.0.1 /main.php/Index/Index/repeat/
INFO: [ app_init ] --START--
INFO: Run Behavior\BuildLiteBehavior [ RunTime:0.000000s ]
INFO: [ app_init ] --END-- [ RunTime:0.001000s ]
INFO: [ app_begin ] --START--
INFO: Run Behavior\ReadHtmlCacheBehavior [ RunTime:0.001000s ]
INFO: [ app_begin ] --END-- [ RunTime:0.001000s ]
NOTIC: [2048] Declaration of Index\Controller\IndexController::show() should be compatible with Think\Controller::show($content, $charset = '', $contentType = '', $prefix = '') C:\web\www\a\App\Index\Controller\IndexController.class.php 第 4 行.
SQL: SHOW COLUMNS FROM `yh_site` [ RunTime:0.0040s ]
SQL: SELECT * FROM `yh_site` WHERE ( id='8' ) LIMIT 1   [ RunTime:0.0000s ]
NOTIC: [8] Undefined variable: name C:\web\www\a\App\Index\Event\IndexEvent.class.php 第 39 行.
NOTIC: [8] Undefined variable: jg C:\web\www\a\App\Index\Event\IndexEvent.class.php 第 76 行.
NOTIC: [8] Undefined variable: jg C:\web\www\a\App\Index\Event\IndexEvent.class.php 第 76 行.
NOTIC: [8] Undefined variable: jg C:\web\www\a\App\Index\Event\IndexEvent.class.php 第 76 行.
NOTIC: [8] Undefined variable: jg C:\web\www\a\App\Index\Event\IndexEvent.class.php 第 76 行.
NOTIC: [8] Undefined variable: jg C:\web\www\a\App\Index\Event\IndexEvent.class.php 第 76 行.
SQL: UPDATE `yh_site` SET `bd_include`='22492',`weight`='1',`rank`='母线槽绝缘配件 : 5,  母线接头器 : 9,  绝缘隔板 : 38,  母线槽插座 : 10,  母线铜插脚 : 6',`keywords`='母线槽绝缘配件,母线接头器,绝缘隔板,母线槽插座,母线铜插脚',`up_time`='1440057958' WHERE ( id = '8' ) [ RunTime:0.0100s ]
SQL: SHOW COLUMNS FROM `yh_report` [ RunTime:0.0040s ]
SQL: SELECT * FROM `yh_report` WHERE ( s_id = '8' AND key_name = '母线槽绝缘配件'  AND (DAY(FROM_UNIXTIME(time, '%Y%m%d'))= DAY(now())) ) LIMIT 1   [ RunTime:0.0010s ]
SQL: UPDATE `yh_report` SET `s_id`='8',`key_name`='母线槽绝缘配件',`rank`='5',`time`='1440057958' WHERE `id` = 17 [ RunTime:0.0120s ]
SQL: SELECT * FROM `yh_report` WHERE ( s_id = '8' AND key_name = '母线接头器'  AND (DAY(FROM_UNIXTIME(time, '%Y%m%d'))= DAY(now())) ) LIMIT 1   [ RunTime:0.0000s ]
SQL: UPDATE `yh_report` SET `s_id`='8',`key_name`='母线接头器',`rank`='9',`time`='1440057958' WHERE `id` = 18 [ RunTime:0.0110s ]
SQL: SELECT * FROM `yh_report` WHERE ( s_id = '8' AND key_name = '绝缘隔板'  AND (DAY(FROM_UNIXTIME(time, '%Y%m%d'))= DAY(now())) ) LIMIT 1   [ RunTime:0.0000s ]
SQL: UPDATE `yh_report` SET `s_id`='8',`key_name`='绝缘隔板',`rank`='38',`time`='1440057958' WHERE `id` = 19 [ RunTime:0.0110s ]
SQL: SELECT * FROM `yh_report` WHERE ( s_id = '8' AND key_name = '母线槽插座'  AND (DAY(FROM_UNIXTIME(time, '%Y%m%d'))= DAY(now())) ) LIMIT 1   [ RunTime:0.0000s ]
SQL: UPDATE `yh_report` SET `s_id`='8',`key_name`='母线槽插座',`rank`='10',`time`='1440057958' WHERE `id` = 20 [ RunTime:0.0090s ]
SQL: SELECT * FROM `yh_report` WHERE ( s_id = '8' AND key_name = '母线铜插脚'  AND (DAY(FROM_UNIXTIME(time, '%Y%m%d'))= DAY(now())) ) LIMIT 1   [ RunTime:0.0010s ]
SQL: UPDATE `yh_report` SET `s_id`='8',`key_name`='母线铜插脚',`rank`='6',`time`='1440057958' WHERE `id` = 21 [ RunTime:0.0100s ]

[ 2015-08-20T16:06:01+08:00 ] 127.0.0.1 /main.php/Index/Index/repeat/
INFO: [ app_init ] --START--
INFO: Run Behavior\BuildLiteBehavior [ RunTime:0.000000s ]
INFO: [ app_init ] --END-- [ RunTime:0.002000s ]
INFO: [ app_begin ] --START--
INFO: Run Behavior\ReadHtmlCacheBehavior [ RunTime:0.001000s ]
INFO: [ app_begin ] --END-- [ RunTime:0.002001s ]
NOTIC: [2048] Declaration of Index\Controller\IndexController::show() should be compatible with Think\Controller::show($content, $charset = '', $contentType = '', $prefix = '') C:\web\www\a\App\Index\Controller\IndexController.class.php 第 4 行.
SQL: SHOW COLUMNS FROM `yh_site` [ RunTime:0.0040s ]
SQL: SELECT * FROM `yh_site` WHERE ( id='9' ) LIMIT 1   [ RunTime:0.0000s ]
NOTIC: [8] Undefined variable: name C:\web\www\a\App\Index\Event\IndexEvent.class.php 第 39 行.
NOTIC: [8] Undefined variable: jg C:\web\www\a\App\Index\Event\IndexEvent.class.php 第 82 行.
NOTIC: [8] Undefined variable: jg C:\web\www\a\App\Index\Event\IndexEvent.class.php 第 82 行.
NOTIC: [8] Undefined variable: jg C:\web\www\a\App\Index\Event\IndexEvent.class.php 第 82 行.
NOTIC: [8] Undefined variable: jg C:\web\www\a\App\Index\Event\IndexEvent.class.php 第 82 行.
NOTIC: [8] Undefined variable: jg C:\web\www\a\App\Index\Event\IndexEvent.class.php 第 82 行.
SQL: UPDATE `yh_site` SET `bd_include`='29524',`weight`='1',`rank`='庭院灯厂家 : 50+,  LED道路灯价格 : 50+,  地插灯批发 : 50+,  地埋灯规格 : 50+,  点光源公司 : 50+',`keywords`='庭院灯厂家,LED道路灯价格,地插灯批发,地埋灯规格,点光源公司',`up_time`='1440057961' WHERE ( id = '9' ) [ RunTime:0.0110s ]
SQL: SHOW COLUMNS FROM `yh_report` [ RunTime:0.0030s ]
SQL: SELECT * FROM `yh_report` WHERE ( s_id = '9' AND key_name = '庭院灯厂家'  AND (DAY(FROM_UNIXTIME(time, '%Y%m%d'))= DAY(now())) ) LIMIT 1   [ RunTime:0.0010s ]
SQL: UPDATE `yh_report` SET `s_id`='9',`key_name`='庭院灯厂家',`rank`='50+',`time`='1440057961' WHERE `id` = 22 [ RunTime:0.0110s ]
SQL: SELECT * FROM `yh_report` WHERE ( s_id = '9' AND key_name = 'LED道路灯价格'  AND (DAY(FROM_UNIXTIME(time, '%Y%m%d'))= DAY(now())) ) LIMIT 1   [ RunTime:0.0000s ]
SQL: UPDATE `yh_report` SET `s_id`='9',`key_name`='LED道路灯价格',`rank`='50+',`time`='1440057961' WHERE `id` = 23 [ RunTime:0.0100s ]
SQL: SELECT * FROM `yh_report` WHERE ( s_id = '9' AND key_name = '地插灯批发'  AND (DAY(FROM_UNIXTIME(time, '%Y%m%d'))= DAY(now())) ) LIMIT 1   [ RunTime:0.0000s ]
SQL: UPDATE `yh_report` SET `s_id`='9',`key_name`='地插灯批发',`rank`='50+',`time`='1440057961' WHERE `id` = 24 [ RunTime:0.0100s ]
SQL: SELECT * FROM `yh_report` WHERE ( s_id = '9' AND key_name = '地埋灯规格'  AND (DAY(FROM_UNIXTIME(time, '%Y%m%d'))= DAY(now())) ) LIMIT 1   [ RunTime:0.0000s ]
SQL: UPDATE `yh_report` SET `s_id`='9',`key_name`='地埋灯规格',`rank`='50+',`time`='1440057961' WHERE `id` = 25 [ RunTime:0.0090s ]
SQL: SELECT * FROM `yh_report` WHERE ( s_id = '9' AND key_name = '点光源公司'  AND (DAY(FROM_UNIXTIME(time, '%Y%m%d'))= DAY(now())) ) LIMIT 1   [ RunTime:0.0010s ]
SQL: UPDATE `yh_report` SET `s_id`='9',`key_name`='点光源公司',`rank`='50+',`time`='1440057961' WHERE `id` = 26 [ RunTime:0.0100s ]

[ 2015-08-20T16:06:06+08:00 ] 127.0.0.1 /main.php/Index/Index/repeat/
INFO: [ app_init ] --START--
INFO: Run Behavior\BuildLiteBehavior [ RunTime:0.000000s ]
INFO: [ app_init ] --END-- [ RunTime:0.000000s ]
INFO: [ app_begin ] --START--
INFO: Run Behavior\ReadHtmlCacheBehavior [ RunTime:0.001000s ]
INFO: [ app_begin ] --END-- [ RunTime:0.001000s ]
NOTIC: [2048] Declaration of Index\Controller\IndexController::show() should be compatible with Think\Controller::show($content, $charset = '', $contentType = '', $prefix = '') C:\web\www\a\App\Index\Controller\IndexController.class.php 第 4 行.
SQL: SHOW COLUMNS FROM `yh_site` [ RunTime:0.0070s ]
SQL: SELECT * FROM `yh_site` WHERE ( id='10' ) LIMIT 1   [ RunTime:0.0010s ]
NOTIC: [8] Undefined variable: name C:\web\www\a\App\Index\Event\IndexEvent.class.php 第 39 行.
NOTIC: [8] Undefined variable: jg C:\web\www\a\App\Index\Event\IndexEvent.class.php 第 82 行.
NOTIC: [8] Undefined variable: jg C:\web\www\a\App\Index\Event\IndexEvent.class.php 第 82 行.
NOTIC: [8] Undefined variable: jg C:\web\www\a\App\Index\Event\IndexEvent.class.php 第 82 行.
NOTIC: [8] Undefined variable: jg C:\web\www\a\App\Index\Event\IndexEvent.class.php 第 76 行.
NOTIC: [8] Undefined variable: jg C:\web\www\a\App\Index\Event\IndexEvent.class.php 第 82 行.
NOTIC: [8] Undefined variable: jg C:\web\www\a\App\Index\Event\IndexEvent.class.php 第 82 行.
NOTIC: [8] Undefined variable: jg C:\web\www\a\App\Index\Event\IndexEvent.class.php 第 76 行.
SQL: UPDATE `yh_site` SET `bd_include`='812',`weight`='1',`rank`='GRC厂家 : 50+,  EPS厂家 : 50+,  浮雕厂家 : 50+,  罗马柱厂家 : 4,  eps线条 : 50+,  grc线条 : 50+,  砂岩线条 : 16',`keywords`='GRC厂家,EPS厂家,浮雕厂家,罗马柱厂家,eps线条,grc线条,砂岩线条',`up_time`='1440057966' WHERE ( id = '10' ) [ RunTime:0.0110s ]
SQL: SHOW COLUMNS FROM `yh_report` [ RunTime:0.0040s ]
SQL: SELECT * FROM `yh_report` WHERE ( s_id = '10' AND key_name = 'GRC厂家'  AND (DAY(FROM_UNIXTIME(time, '%Y%m%d'))= DAY(now())) ) LIMIT 1   [ RunTime:0.0000s ]
SQL: UPDATE `yh_report` SET `s_id`='10',`key_name`='GRC厂家',`rank`='50+',`time`='1440057966' WHERE `id` = 28 [ RunTime:0.0110s ]
SQL: SELECT * FROM `yh_report` WHERE ( s_id = '10' AND key_name = 'EPS厂家'  AND (DAY(FROM_UNIXTIME(time, '%Y%m%d'))= DAY(now())) ) LIMIT 1   [ RunTime:0.0010s ]
SQL: UPDATE `yh_report` SET `s_id`='10',`key_name`='EPS厂家',`rank`='50+',`time`='1440057966' WHERE `id` = 29 [ RunTime:0.0100s ]
SQL: SELECT * FROM `yh_report` WHERE ( s_id = '10' AND key_name = '浮雕厂家'  AND (DAY(FROM_UNIXTIME(time, '%Y%m%d'))= DAY(now())) ) LIMIT 1   [ RunTime:0.0000s ]
SQL: UPDATE `yh_report` SET `s_id`='10',`key_name`='浮雕厂家',`rank`='50+',`time`='1440057966' WHERE `id` = 30 [ RunTime:0.0100s ]
SQL: SELECT * FROM `yh_report` WHERE ( s_id = '10' AND key_name = '罗马柱厂家'  AND (DAY(FROM_UNIXTIME(time, '%Y%m%d'))= DAY(now())) ) LIMIT 1   [ RunTime:0.0010s ]
SQL: UPDATE `yh_report` SET `s_id`='10',`key_name`='罗马柱厂家',`rank`='4',`time`='1440057966' WHERE `id` = 31 [ RunTime:0.0100s ]
SQL: SELECT * FROM `yh_report` WHERE ( s_id = '10' AND key_name = 'eps线条'  AND (DAY(FROM_UNIXTIME(time, '%Y%m%d'))= DAY(now())) ) LIMIT 1   [ RunTime:0.0000s ]
SQL: UPDATE `yh_report` SET `s_id`='10',`key_name`='eps线条',`rank`='50+',`time`='1440057966' WHERE `id` = 32 [ RunTime:0.0120s ]
SQL: SELECT * FROM `yh_report` WHERE ( s_id = '10' AND key_name = 'grc线条'  AND (DAY(FROM_UNIXTIME(time, '%Y%m%d'))= DAY(now())) ) LIMIT 1   [ RunTime:0.0010s ]
SQL: UPDATE `yh_report` SET `s_id`='10',`key_name`='grc线条',`rank`='50+',`time`='1440057966' WHERE `id` = 33 [ RunTime:0.0110s ]
SQL: SELECT * FROM `yh_report` WHERE ( s_id = '10' AND key_name = '砂岩线条'  AND (DAY(FROM_UNIXTIME(time, '%Y%m%d'))= DAY(now())) ) LIMIT 1   [ RunTime:0.0000s ]
SQL: UPDATE `yh_report` SET `s_id`='10',`key_name`='砂岩线条',`rank`='16',`time`='1440057966' WHERE `id` = 34 [ RunTime:0.0110s ]

[ 2015-08-20T16:06:09+08:00 ] 127.0.0.1 /main.php/Index/Index/alist/
INFO: [ app_init ] --START--
INFO: Run Behavior\BuildLiteBehavior [ RunTime:0.000000s ]
INFO: [ app_init ] --END-- [ RunTime:0.003001s ]
INFO: [ app_begin ] --START--
INFO: Run Behavior\ReadHtmlCacheBehavior [ RunTime:0.001000s ]
INFO: [ app_begin ] --END-- [ RunTime:0.001000s ]
NOTIC: [2048] Declaration of Index\Controller\IndexController::show() should be compatible with Think\Controller::show($content, $charset = '', $contentType = '', $prefix = '') C:\web\www\a\App\Index\Controller\IndexController.class.php 第 4 行.
SQL: SHOW COLUMNS FROM `yh_site` [ RunTime:0.0050s ]
SQL: SELECT * FROM `yh_site`  [ RunTime:0.0000s ]

[ 2015-08-20T16:30:25+08:00 ] 127.0.0.1 /main.php/Index/login/getUserStatus/
INFO: [ app_init ] --START--
INFO: Run Behavior\BuildLiteBehavior [ RunTime:0.000000s ]
INFO: [ app_init ] --END-- [ RunTime:0.001000s ]
INFO: [ app_begin ] --START--
INFO: Run Behavior\ReadHtmlCacheBehavior [ RunTime:0.001000s ]
INFO: [ app_begin ] --END-- [ RunTime:0.001000s ]

[ 2015-08-20T16:30:25+08:00 ] 127.0.0.1 /main.php/Index/Index/alist/
INFO: [ app_init ] --START--
INFO: Run Behavior\BuildLiteBehavior [ RunTime:0.000000s ]
INFO: [ app_init ] --END-- [ RunTime:0.001000s ]
INFO: [ app_begin ] --START--
INFO: Run Behavior\ReadHtmlCacheBehavior [ RunTime:0.001000s ]
INFO: [ app_begin ] --END-- [ RunTime:0.001000s ]
NOTIC: [2048] Declaration of Index\Controller\IndexController::show() should be compatible with Think\Controller::show($content, $charset = '', $contentType = '', $prefix = '') C:\web\www\a\App\Index\Controller\IndexController.class.php 第 4 行.
SQL: SHOW COLUMNS FROM `yh_site` [ RunTime:0.0040s ]
SQL: SELECT * FROM `yh_site`  [ RunTime:0.0010s ]

[ 2015-08-20T16:51:02+08:00 ] 127.0.0.1 /main.php/Index/Index/getInfo/
INFO: [ app_init ] --START--
INFO: Run Behavior\BuildLiteBehavior [ RunTime:0.000000s ]
INFO: [ app_init ] --END-- [ RunTime:0.001000s ]
INFO: [ app_begin ] --START--
INFO: Run Behavior\ReadHtmlCacheBehavior [ RunTime:0.001000s ]
INFO: [ app_begin ] --END-- [ RunTime:0.002001s ]
NOTIC: [2048] Declaration of Index\Controller\IndexController::show() should be compatible with Think\Controller::show($content, $charset = '', $contentType = '', $prefix = '') C:\web\www\a\App\Index\Controller\IndexController.class.php 第 4 行.
SQL: SHOW COLUMNS FROM `yh_site` [ RunTime:0.0040s ]
SQL: SELECT * FROM `yh_site` WHERE ( id = '8' ) LIMIT 1   [ RunTime:0.0000s ]

[ 2015-08-20T17:44:26+08:00 ] 127.0.0.1 /main.php/Index/Login/getUserStatus/
INFO: [ app_init ] --START--
INFO: Run Behavior\BuildLiteBehavior [ RunTime:0.001000s ]
INFO: [ app_init ] --END-- [ RunTime:0.002000s ]
INFO: [ app_begin ] --START--
INFO: Run Behavior\ReadHtmlCacheBehavior [ RunTime:0.001001s ]
INFO: [ app_begin ] --END-- [ RunTime:0.001001s ]

[ 2015-08-20T17:44:26+08:00 ] 127.0.0.1 /main.php/Index/Index/alist/
INFO: [ app_init ] --START--
INFO: Run Behavior\BuildLiteBehavior [ RunTime:0.000000s ]
INFO: [ app_init ] --END-- [ RunTime:0.001000s ]
INFO: [ app_begin ] --START--
INFO: Run Behavior\ReadHtmlCacheBehavior [ RunTime:0.001001s ]
INFO: [ app_begin ] --END-- [ RunTime:0.002001s ]
NOTIC: [2048] Declaration of Index\Controller\IndexController::show() should be compatible with Think\Controller::show($content, $charset = '', $contentType = '', $prefix = '') C:\web\www\a\App\Index\Controller\IndexController.class.php 第 4 行.
SQL: SHOW COLUMNS FROM `yh_site` [ RunTime:0.0040s ]
SQL: SELECT * FROM `yh_site`  [ RunTime:0.0000s ]

[ 2015-08-20T17:44:28+08:00 ] 127.0.0.1 /main.php/Index/Index/getInfo/
INFO: [ app_init ] --START--
INFO: Run Behavior\BuildLiteBehavior [ RunTime:0.000000s ]
INFO: [ app_init ] --END-- [ RunTime:0.001000s ]
INFO: [ app_begin ] --START--
INFO: Run Behavior\ReadHtmlCacheBehavior [ RunTime:0.002000s ]
INFO: [ app_begin ] --END-- [ RunTime:0.002000s ]
NOTIC: [2048] Declaration of Index\Controller\IndexController::show() should be compatible with Think\Controller::show($content, $charset = '', $contentType = '', $prefix = '') C:\web\www\a\App\Index\Controller\IndexController.class.php 第 4 行.
SQL: SHOW COLUMNS FROM `yh_site` [ RunTime:0.0040s ]
SQL: SELECT * FROM `yh_site` WHERE ( id = '2' ) LIMIT 1   [ RunTime:0.0000s ]

[ 2015-08-20T17:44:29+08:00 ] 127.0.0.1 /main.php/Index/Index/alist/
INFO: [ app_init ] --START--
INFO: Run Behavior\BuildLiteBehavior [ RunTime:0.002000s ]
INFO: [ app_init ] --END-- [ RunTime:0.002000s ]
INFO: [ app_begin ] --START--
INFO: Run Behavior\ReadHtmlCacheBehavior [ RunTime:0.001001s ]
INFO: [ app_begin ] --END-- [ RunTime:0.002001s ]
NOTIC: [2048] Declaration of Index\Controller\IndexController::show() should be compatible with Think\Controller::show($content, $charset = '', $contentType = '', $prefix = '') C:\web\www\a\App\Index\Controller\IndexController.class.php 第 4 行.
SQL: SHOW COLUMNS FROM `yh_site` [ RunTime:0.0060s ]
SQL: SELECT * FROM `yh_site`  [ RunTime:0.0010s ]

[ 2015-08-20T17:44:33+08:00 ] 127.0.0.1 /main.php/Index/Index/getInfo/
INFO: [ app_init ] --START--
INFO: Run Behavior\BuildLiteBehavior [ RunTime:0.001000s ]
INFO: [ app_init ] --END-- [ RunTime:0.003000s ]
INFO: [ app_begin ] --START--
INFO: Run Behavior\ReadHtmlCacheBehavior [ RunTime:0.000000s ]
INFO: [ app_begin ] --END-- [ RunTime:0.002000s ]
NOTIC: [2048] Declaration of Index\Controller\IndexController::show() should be compatible with Think\Controller::show($content, $charset = '', $contentType = '', $prefix = '') C:\web\www\a\App\Index\Controller\IndexController.class.php 第 4 行.
SQL: SHOW COLUMNS FROM `yh_site` [ RunTime:0.0050s ]
SQL: SELECT * FROM `yh_site` WHERE ( id = '10' ) LIMIT 1   [ RunTime:0.0000s ]

[ 2015-08-20T17:50:26+08:00 ] 127.0.0.1 /main.php/Index/Index/alist/
INFO: [ app_init ] --START--
INFO: Run Behavior\BuildLiteBehavior [ RunTime:0.000000s ]
INFO: [ app_init ] --END-- [ RunTime:0.001000s ]
INFO: [ app_begin ] --START--
INFO: Run Behavior\ReadHtmlCacheBehavior [ RunTime:0.001000s ]
INFO: [ app_begin ] --END-- [ RunTime:0.001000s ]
NOTIC: [2048] Declaration of Index\Controller\IndexController::show() should be compatible with Think\Controller::show($content, $charset = '', $contentType = '', $prefix = '') C:\web\www\a\App\Index\Controller\IndexController.class.php 第 4 行.
SQL: SHOW COLUMNS FROM `yh_site` [ RunTime:0.0040s ]
SQL: SELECT * FROM `yh_site`  [ RunTime:0.0000s ]

[ 2015-08-20T17:59:27+08:00 ] 127.0.0.1 /main.php/Index/Login/getUserStatus/
INFO: [ app_init ] --START--
INFO: Run Behavior\BuildLiteBehavior [ RunTime:0.000000s ]
INFO: [ app_init ] --END-- [ RunTime:0.001001s ]
INFO: [ app_begin ] --START--
INFO: Run Behavior\ReadHtmlCacheBehavior [ RunTime:0.001000s ]
INFO: [ app_begin ] --END-- [ RunTime:0.001000s ]

[ 2015-08-20T17:59:27+08:00 ] 127.0.0.1 /main.php/Index/Index/alist/
INFO: [ app_init ] --START--
INFO: Run Behavior\BuildLiteBehavior [ RunTime:0.000000s ]
INFO: [ app_init ] --END-- [ RunTime:0.001000s ]
INFO: [ app_begin ] --START--
INFO: Run Behavior\ReadHtmlCacheBehavior [ RunTime:0.001001s ]
INFO: [ app_begin ] --END-- [ RunTime:0.003001s ]
NOTIC: [2048] Declaration of Index\Controller\IndexController::show() should be compatible with Think\Controller::show($content, $charset = '', $contentType = '', $prefix = '') C:\web\www\a\App\Index\Controller\IndexController.class.php 第 4 行.
SQL: SHOW COLUMNS FROM `yh_site` [ RunTime:0.0090s ]
SQL: SELECT * FROM `yh_site`  [ RunTime:0.0010s ]

[ 2015-08-20T17:59:30+08:00 ] 127.0.0.1 /view/app/model/angular.min.js.map
INFO: [ app_init ] --START--
INFO: Run Behavior\BuildLiteBehavior [ RunTime:0.000000s ]
INFO: [ app_init ] --END-- [ RunTime:0.001000s ]
INFO: [ app_begin ] --START--
INFO: Run Behavior\ReadHtmlCacheBehavior [ RunTime:0.002001s ]
INFO: [ app_begin ] --END-- [ RunTime:0.002001s ]
ERR: 无法加载控制器:View

[ 2015-08-20T17:59:30+08:00 ] 127.0.0.1 /view/app/model/angular-animate.min.js.map
INFO: [ app_init ] --START--
INFO: Run Behavior\BuildLiteBehavior [ RunTime:0.004000s ]
INFO: [ app_init ] --END-- [ RunTime:0.006001s ]
INFO: [ app_begin ] --START--
INFO: Run Behavior\ReadHtmlCacheBehavior [ RunTime:0.002001s ]
INFO: [ app_begin ] --END-- [ RunTime:0.002001s ]
ERR: 无法加载控制器:View

[ 2015-08-20T17:59:30+08:00 ] 127.0.0.1 /view/js/model/jquery.min.map
INFO: [ app_init ] --START--
INFO: Run Behavior\BuildLiteBehavior [ RunTime:0.001000s ]
INFO: [ app_init ] --END-- [ RunTime:0.004001s ]
INFO: [ app_begin ] --START--
INFO: Run Behavior\ReadHtmlCacheBehavior [ RunTime:0.001000s ]
INFO: [ app_begin ] --END-- [ RunTime:0.002000s ]
ERR: 无法加载控制器:View

[ 2015-08-20T17:59:30+08:00 ] 127.0.0.1 /view/app/model/angular-sanitize.min.js.map
INFO: [ app_init ] --START--
INFO: Run Behavior\BuildLiteBehavior [ RunTime:0.000000s ]
INFO: [ app_init ] --END-- [ RunTime:0.001000s ]
INFO: [ app_begin ] --START--
INFO: Run Behavior\ReadHtmlCacheBehavior [ RunTime:0.002000s ]
INFO: [ app_begin ] --END-- [ RunTime:0.004000s ]
ERR: 无法加载控制器:View

[ 2015-08-20T17:59:30+08:00 ] 127.0.0.1 /view/app/model/angular-route.min.js.map
INFO: [ app_init ] --START--
INFO: Run Behavior\BuildLiteBehavior [ RunTime:0.000000s ]
INFO: [ app_init ] --END-- [ RunTime:0.001000s ]
INFO: [ app_begin ] --START--
INFO: Run Behavior\ReadHtmlCacheBehavior [ RunTime:0.001000s ]
INFO: [ app_begin ] --END-- [ RunTime:0.001000s ]
ERR: 无法加载控制器:View

[ 2015-08-20T17:59:31+08:00 ] 127.0.0.1 /main.php/Index/Index/repeat/
INFO: [ app_init ] --START--
INFO: Run Behavior\BuildLiteBehavior [ RunTime:0.000000s ]
INFO: [ app_init ] --END-- [ RunTime:0.001000s ]
INFO: [ app_begin ] --START--
INFO: Run Behavior\ReadHtmlCacheBehavior [ RunTime:0.001000s ]
INFO: [ app_begin ] --END-- [ RunTime:0.002000s ]
NOTIC: [2048] Declaration of Index\Controller\IndexController::show() should be compatible with Think\Controller::show($content, $charset = '', $contentType = '', $prefix = '') C:\web\www\a\App\Index\Controller\IndexController.class.php 第 4 行.
SQL: SHOW COLUMNS FROM `yh_site` [ RunTime:0.0070s ]
SQL: SELECT * FROM `yh_site` WHERE ( id='10' ) LIMIT 1   [ RunTime:0.0000s ]

[ 2015-08-20T18:05:24+08:00 ] 127.0.0.1 /main.php/Index/Login/getUserStatus/
INFO: [ app_init ] --START--
INFO: Run Behavior\BuildLiteBehavior [ RunTime:0.000000s ]
INFO: [ app_init ] --END-- [ RunTime:0.001000s ]
INFO: [ app_begin ] --START--
INFO: Run Behavior\ReadHtmlCacheBehavior [ RunTime:0.001000s ]
INFO: [ app_begin ] --END-- [ RunTime:0.001000s ]

[ 2015-08-20T18:05:25+08:00 ] 127.0.0.1 /main.php/Index/Index/alist/
INFO: [ app_init ] --START--
INFO: Run Behavior\BuildLiteBehavior [ RunTime:0.000000s ]
INFO: [ app_init ] --END-- [ RunTime:0.001000s ]
INFO: [ app_begin ] --START--
INFO: Run Behavior\ReadHtmlCacheBehavior [ RunTime:0.001001s ]
INFO: [ app_begin ] --END-- [ RunTime:0.001001s ]
NOTIC: [2048] Declaration of Index\Controller\IndexController::show() should be compatible with Think\Controller::show($content, $charset = '', $contentType = '', $prefix = '') C:\web\www\a\App\Index\Controller\IndexController.class.php 第 4 行.
SQL: SHOW COLUMNS FROM `yh_site` [ RunTime:0.0050s ]
SQL: SELECT * FROM `yh_site`  [ RunTime:0.0010s ]

[ 2015-08-20T18:05:31+08:00 ] 127.0.0.1 /main.php/Index/Index/repeat/
INFO: [ app_init ] --START--
INFO: Run Behavior\BuildLiteBehavior [ RunTime:0.001000s ]
INFO: [ app_init ] --END-- [ RunTime:0.001000s ]
INFO: [ app_begin ] --START--
INFO: Run Behavior\ReadHtmlCacheBehavior [ RunTime:0.001001s ]
INFO: [ app_begin ] --END-- [ RunTime:0.001001s ]
NOTIC: [2048] Declaration of Index\Controller\IndexController::show() should be compatible with Think\Controller::show($content, $charset = '', $contentType = '', $prefix = '') C:\web\www\a\App\Index\Controller\IndexController.class.php 第 4 行.
SQL: SHOW COLUMNS FROM `yh_site` [ RunTime:0.0040s ]
SQL: SELECT * FROM `yh_site` WHERE ( id='10' ) LIMIT 1   [ RunTime:0.0010s ]
NOTIC: [8] Undefined variable: name C:\web\www\a\App\Index\Event\IndexEvent.class.php 第 39 行.
NOTIC: [8] Undefined variable: jg C:\web\www\a\App\Index\Event\IndexEvent.class.php 第 82 行.
NOTIC: [8] Undefined variable: jg C:\web\www\a\App\Index\Event\IndexEvent.class.php 第 82 行.
NOTIC: [8] Undefined variable: jg C:\web\www\a\App\Index\Event\IndexEvent.class.php 第 82 行.
NOTIC: [8] Undefined variable: jg C:\web\www\a\App\Index\Event\IndexEvent.class.php 第 76 行.
NOTIC: [8] Undefined variable: jg C:\web\www\a\App\Index\Event\IndexEvent.class.php 第 82 行.
NOTIC: [8] Undefined variable: jg C:\web\www\a\App\Index\Event\IndexEvent.class.php 第 82 行.
NOTIC: [8] Undefined variable: jg C:\web\www\a\App\Index\Event\IndexEvent.class.php 第 76 行.
SQL: UPDATE `yh_site` SET `bd_include`='812',`is_pr`='2',`pr`='2',`weight`='1',`rank`='GRC厂家 : 50+,  EPS厂家 : 50+,  浮雕厂家 : 50+,  罗马柱厂家 : 4,  eps线条 : 50+,  grc线条 : 50+,  砂岩线条 : 16',`keywords`='GRC厂家,EPS厂家,浮雕厂家,罗马柱厂家,eps线条,grc线条,砂岩线条',`up_time`='1440065130' WHERE ( id = '10' ) [ RunTime:0.0090s ]
SQL: SHOW COLUMNS FROM `yh_report` [ RunTime:0.0060s ]
SQL: SELECT * FROM `yh_report` WHERE ( s_id = '10' AND key_name = 'GRC厂家'  AND (DAY(FROM_UNIXTIME(time, '%Y%m%d'))= DAY(now())) ) LIMIT 1   [ RunTime:0.0000s ]
SQL: UPDATE `yh_report` SET `s_id`='10',`key_name`='GRC厂家',`rank`='50+',`time`='1440065130' WHERE `id` = 28 [ RunTime:0.0080s ]
SQL: SELECT * FROM `yh_report` WHERE ( s_id = '10' AND key_name = 'EPS厂家'  AND (DAY(FROM_UNIXTIME(time, '%Y%m%d'))= DAY(now())) ) LIMIT 1   [ RunTime:0.0010s ]
SQL: UPDATE `yh_report` SET `s_id`='10',`key_name`='EPS厂家',`rank`='50+',`time`='1440065130' WHERE `id` = 29 [ RunTime:0.0100s ]
SQL: SELECT * FROM `yh_report` WHERE ( s_id = '10' AND key_name = '浮雕厂家'  AND (DAY(FROM_UNIXTIME(time, '%Y%m%d'))= DAY(now())) ) LIMIT 1   [ RunTime:0.0010s ]
SQL: UPDATE `yh_report` SET `s_id`='10',`key_name`='浮雕厂家',`rank`='50+',`time`='1440065130' WHERE `id` = 30 [ RunTime:0.0110s ]
SQL: SELECT * FROM `yh_report` WHERE ( s_id = '10' AND key_name = '罗马柱厂家'  AND (DAY(FROM_UNIXTIME(time, '%Y%m%d'))= DAY(now())) ) LIMIT 1   [ RunTime:0.0000s ]
SQL: UPDATE `yh_report` SET `s_id`='10',`key_name`='罗马柱厂家',`rank`='4',`time`='1440065130' WHERE `id` = 31 [ RunTime:0.0120s ]
SQL: SELECT * FROM `yh_report` WHERE ( s_id = '10' AND key_name = 'eps线条'  AND (DAY(FROM_UNIXTIME(time, '%Y%m%d'))= DAY(now())) ) LIMIT 1   [ RunTime:0.0000s ]
SQL: UPDATE `yh_report` SET `s_id`='10',`key_name`='eps线条',`rank`='50+',`time`='1440065130' WHERE `id` = 32 [ RunTime:0.0110s ]
SQL: SELECT * FROM `yh_report` WHERE ( s_id = '10' AND key_name = 'grc线条'  AND (DAY(FROM_UNIXTIME(time, '%Y%m%d'))= DAY(now())) ) LIMIT 1   [ RunTime:0.0000s ]
SQL: UPDATE `yh_report` SET `s_id`='10',`key_name`='grc线条',`rank`='50+',`time`='1440065131' WHERE `id` = 33 [ RunTime:0.0110s ]
SQL: SELECT * FROM `yh_report` WHERE ( s_id = '10' AND key_name = '砂岩线条'  AND (DAY(FROM_UNIXTIME(time, '%Y%m%d'))= DAY(now())) ) LIMIT 1   [ RunTime:0.0000s ]
SQL: UPDATE `yh_report` SET `s_id`='10',`key_name`='砂岩线条',`rank`='16',`time`='1440065131' WHERE `id` = 34 [ RunTime:0.0100s ]

[ 2015-08-20T18:05:34+08:00 ] 127.0.0.1 /main.php/Index/Index/getInfo/
INFO: [ app_init ] --START--
INFO: Run Behavior\BuildLiteBehavior [ RunTime:0.000000s ]
INFO: [ app_init ] --END-- [ RunTime:0.001000s ]
INFO: [ app_begin ] --START--
INFO: Run Behavior\ReadHtmlCacheBehavior [ RunTime:0.001000s ]
INFO: [ app_begin ] --END-- [ RunTime:0.001000s ]
NOTIC: [2048] Declaration of Index\Controller\IndexController::show() should be compatible with Think\Controller::show($content, $charset = '', $contentType = '', $prefix = '') C:\web\www\a\App\Index\Controller\IndexController.class.php 第 4 行.
SQL: SHOW COLUMNS FROM `yh_site` [ RunTime:0.0050s ]
SQL: SELECT * FROM `yh_site` WHERE ( id = '8' ) LIMIT 1   [ RunTime:0.0010s ]

